[INFO]: Started logging...
June 28th 2019, 09:44:59 seed: 997345894
June 28th 2019, 09:45:01 [INFO]: devlogs (127.0.0.1) connected
June 28th 2019, 09:45:01 [INFO]: position written, player spawning...
June 28th 2019, 09:45:25 [INFO]: IX (127.0.0.1) connected
June 28th 2019, 09:45:25 [INFO]: position written, player spawning...
June 28th 2019, 09:45:26 [INFO] <IX> Hello, devlogs! Welcome to the server.
June 28th 2019, 09:53:02 [INFO] <devlogs> !ping
June 28th 2019, 09:53:02 [INFO] <IX> Pong.
June 28th 2019, 09:53:04 [INFO] <devlogs> @pos
June 28th 2019, 09:53:04 [INFO] <IX> I am at (16, 69.001, 2)
June 28th 2019, 09:53:06 [INFO] <devlogs> pos
June 28th 2019, 09:53:07 [INFO] <devlogs> @pos
June 28th 2019, 09:53:07 [INFO] <IX> I am at (16, 69.001, 2)
June 28th 2019, 09:53:08 [INFO] <devlogs> !pos
June 28th 2019, 09:53:08 [INFO] <IX> I am at (16, 69.001, 2)
June 28th 2019, 09:53:11 [INFO] <devlogs> #pos
June 28th 2019, 09:53:11 [INFO] <IX> I am at (16, 69.001, 2)
June 28th 2019, 09:53:13 [INFO] <devlogs> $pos
June 28th 2019, 09:53:13 [INFO] <IX> I am at (16, 69.001, 2)
June 28th 2019, 09:53:28 [INFO] <devlogs> apos
June 28th 2019, 09:53:28 [INFO] <IX> I am at (16, 69.001, 2)
June 28th 2019, 09:53:30 [INFO] <devlogs> pos
June 28th 2019, 09:53:35 [INFO] <devlogs> :pos
June 28th 2019, 09:53:35 [INFO] <IX> I am at (16, 69.001, 2)
June 28th 2019, 09:53:37 [INFO] <devlogs> !ping
June 28th 2019, 09:53:37 [INFO] <IX> Pong.
June 28th 2019, 09:53:39 [INFO] <devlogs> apinmg
June 28th 2019, 09:53:42 [INFO] <devlogs> aping
June 28th 2019, 09:53:42 [INFO] <IX> Pong.
June 28th 2019, 09:55:28 [INFO] <IX> I died :(
June 28th 2019, 09:55:32 [INFO] <IX> I died :(
June 28th 2019, 09:55:35 [INFO] <IX> I died :(
June 28th 2019, 09:55:38 [INFO] <IX> I died :(
June 28th 2019, 09:55:43 [INFO] <IX> I died :(
June 28th 2019, 10:15:53 [INFO] <devlogs> !ping
June 28th 2019, 10:15:53 [INFO] <IX> Pong.
June 28th 2019, 10:15:58 [INFO] <IX> I died :(
June 28th 2019, 10:16:09 [INFO] <IX> I died :(
June 28th 2019, 10:32:52 [INFO] <IX> I died :(
June 28th 2019, 10:32:57 [INFO] <IX> I died :(
June 28th 2019, 10:43:27 [INFO] <IX> I died :(
June 28th 2019, 10:43:43 [INFO] <IX> I died :(
