[INFO]: Started logging...
June 28th 2019, 02:06:41 seed: 997345894
June 28th 2019, 02:06:43 [INFO] <chatterbox> Hi everyone!
June 28th 2019, 02:06:43 [INFO] <chatterbox> I have been forced to move to (2, 73, 29)
June 28th 2019, 02:06:44 [INFO]: chatterbox (127.0.0.1) connected
June 28th 2019, 02:06:44 [INFO]: position written, player spawning...
June 28th 2019, 02:06:44 [INFO] <chatterbox> I have 20 health and 20 food
June 28th 2019, 02:06:49 [INFO]: devlogs (127.0.0.1) connected
June 28th 2019, 02:06:49 [INFO]: position written, player spawning...
June 28th 2019, 02:06:50 [INFO] <chatterbox> Hello, devlogs! Welcome to the server.
June 28th 2019, 02:06:50 [INFO] <chatterbox> Look who decided to show up: devlogs
June 28th 2019, 02:06:55 [INFO] <devlogs> hm
June 28th 2019, 02:06:55 [INFO] <chatterbox> That's nice
June 28th 2019, 02:06:56 [INFO] <devlogs> hi
June 28th 2019, 02:06:56 [INFO] <chatterbox> That's nice
June 28th 2019, 02:06:57 [INFO] <devlogs> est
June 28th 2019, 02:06:57 [INFO] <chatterbox> That's nice
June 28th 2019, 02:06:57 [INFO] <devlogs> est
June 28th 2019, 02:06:57 [INFO] <chatterbox> That's nice
June 28th 2019, 02:06:58 [INFO] <devlogs> est
June 28th 2019, 02:06:58 [INFO] <chatterbox> That's nice
June 28th 2019, 02:06:58 [INFO] <devlogs> est
June 28th 2019, 02:06:58 [INFO] <chatterbox> That's nice
June 28th 2019, 02:06:58 [INFO] <devlogs> est
June 28th 2019, 02:06:58 [INFO] <chatterbox> That's nice
June 28th 2019, 02:06:58 [INFO] <devlogs> est
June 28th 2019, 02:06:58 [INFO] <chatterbox> That's nice
June 28th 2019, 02:06:58 [INFO] <devlogs> est
June 28th 2019, 02:06:59 [INFO] <chatterbox> That's nice
June 28th 2019, 02:06:59 [INFO] <devlogs> est
June 28th 2019, 02:06:59 [INFO] <chatterbox> That's nice
June 28th 2019, 02:06:59 [INFO] <devlogs> est
June 28th 2019, 02:06:59 [INFO] <chatterbox> That's nice
June 28th 2019, 02:06:59 [INFO] <devlogs> est
June 28th 2019, 02:06:59 [INFO] <chatterbox> That's nice
June 28th 2019, 02:06:59 [INFO] <devlogs> est
June 28th 2019, 02:06:59 [INFO] <chatterbox> That's nice
June 28th 2019, 02:07:00 [INFO] <devlogs> est
June 28th 2019, 02:07:00 [INFO] <chatterbox> That's nice
June 28th 2019, 02:07:21 [INFO] <devlogs> pos
June 28th 2019, 02:07:21 [INFO] <chatterbox> I am at (2, 73.001, 29)
June 28th 2019, 02:07:21 [INFO] <chatterbox> You are at (19.069091796875, 78.113037109375, 60.82177734375)
June 28th 2019, 02:07:28 [INFO] <chatterbox> devlogs, I see that your arm is working fine.
June 28th 2019, 02:07:28 [INFO] <chatterbox> devlogs, I see that your arm is working fine.
June 28th 2019, 02:07:28 [INFO] <chatterbox> devlogs, I see that your arm is working fine.
June 28th 2019, 02:07:28 [INFO] <chatterbox> devlogs, I see that your arm is working fine.
June 28th 2019, 02:07:28 [INFO] <chatterbox> devlogs, I see that your arm is working fine.
June 28th 2019, 02:07:29 [INFO] <chatterbox> devlogs, I see that your arm is working fine.
June 28th 2019, 02:07:29 [INFO] <chatterbox> devlogs, I see that your arm is working fine.
June 28th 2019, 02:07:29 [INFO] <chatterbox> devlogs, I see that your arm is working fine.
June 28th 2019, 02:07:29 [INFO] <chatterbox> devlogs, I see that your arm is working fine.
June 28th 2019, 02:07:29 [INFO] <chatterbox> devlogs, I see that your arm is working fine.
June 28th 2019, 02:07:30 [INFO] <chatterbox> devlogs, I see that your arm is working fine.
June 28th 2019, 02:07:30 [INFO] <chatterbox> devlogs, I see that your arm is working fine.
June 28th 2019, 02:07:30 [INFO] <chatterbox> devlogs, I see that your arm is working fine.
June 28th 2019, 02:07:30 [INFO] <chatterbox> devlogs, I see that your arm is working fine.
June 28th 2019, 02:07:32 [INFO] <chatterbox> devlogs, I see that your arm is working fine.
June 28th 2019, 02:07:32 [INFO] <chatterbox> devlogs, I see that your arm is working fine.
June 28th 2019, 02:07:39 [INFO] <chatterbox> devlogs, I see that your arm is working fine.
June 28th 2019, 02:07:40 [INFO] <chatterbox> devlogs, I see that your arm is working fine.
June 28th 2019, 02:07:40 [INFO] <chatterbox> devlogs, I see that your arm is working fine.
June 28th 2019, 02:07:44 [INFO] <devlogs> block
June 28th 2019, 02:07:44 [INFO] <chatterbox> Block under you is Air in the Ocean biome
June 28th 2019, 02:07:53 [INFO] <devlogs> block
June 28th 2019, 02:07:53 [INFO] <chatterbox> Block under you is Grass Block in the Ocean biome
June 28th 2019, 02:07:54 [INFO] <devlogs> block
June 28th 2019, 02:07:54 [INFO] <chatterbox> Block under you is Grass Block in the Ocean biome
June 28th 2019, 02:07:54 [INFO] <devlogs> block
June 28th 2019, 02:07:54 [INFO] <chatterbox> Block under you is Grass Block in the Ocean biome
June 28th 2019, 02:07:55 [INFO] <devlogs> block
June 28th 2019, 02:07:55 [INFO] <chatterbox> Block under you is Grass Block in the Ocean biome
June 28th 2019, 02:07:56 [INFO] <devlogs> block
June 28th 2019, 02:07:56 [INFO] <chatterbox> Block under you is Air in the Ocean biome
June 28th 2019, 02:07:57 [INFO] <devlogs> block
June 28th 2019, 02:07:57 [INFO] <chatterbox> Block under you is Air in the Ocean biome
June 28th 2019, 02:08:01 [INFO] <devlogs> can see
June 28th 2019, 02:08:01 [INFO] <chatterbox> That's nice
June 28th 2019, 02:08:03 [INFO] <devlogs> can see
June 28th 2019, 02:08:03 [INFO] <chatterbox> That's nice
June 28th 2019, 02:08:06 [INFO] <devlogs> canSee
June 28th 2019, 02:08:06 [INFO] <chatterbox> That's nice
June 28th 2019, 02:08:08 [INFO] <devlogs> canSee
June 28th 2019, 02:08:08 [INFO] <chatterbox> That's nice
June 28th 2019, 02:08:29 [INFO] <devlogs> spawn
June 28th 2019, 02:08:29 [INFO] <chatterbox> Spawn is at (2, 73, 29)
June 28th 2019, 02:08:31 [INFO] <devlogs> pos
June 28th 2019, 02:08:31 [INFO] <chatterbox> I am at (2, 71.001, 29)
June 28th 2019, 02:08:31 [INFO] <chatterbox> You are at (4.79052734375, 72, 29.699951171875)
June 28th 2019, 02:08:32 [INFO] <chatterbox> devlogs, I see that your arm is working fine.
June 28th 2019, 02:08:33 [INFO] <chatterbox> devlogs, I see that your arm is working fine.
June 28th 2019, 02:08:33 [INFO] <chatterbox> devlogs, I see that your arm is working fine.
June 28th 2019, 02:08:33 [INFO] <chatterbox> devlogs, I see that your arm is working fine.
June 28th 2019, 02:08:34 [INFO] <chatterbox> devlogs, I see that your arm is working fine.
June 28th 2019, 02:08:34 [INFO] <chatterbox> devlogs, I see that your arm is working fine.
June 28th 2019, 02:08:45 [INFO] <devlogs> echo
June 28th 2019, 02:08:45 [INFO] <chatterbox> That's nice
June 28th 2019, 02:08:47 [INFO] <devlogs> echo a
June 28th 2019, 02:08:47 [INFO] <chatterbox> That's nice
June 28th 2019, 02:09:14 [INFO] <chatterbox> devlogs, I see that your arm is working fine.
June 28th 2019, 02:09:15 [INFO] <chatterbox> devlogs, I see that your arm is working fine.
June 28th 2019, 02:09:16 [INFO] <chatterbox> devlogs, I see that your arm is working fine.
June 28th 2019, 02:09:25 [INFO]: devlogs disconnected
June 28th 2019, 02:09:25 [INFO] <chatterbox> Bye devlogs
June 28th 2019, 02:09:29 [ERR]: Client undefined:undefined : Error: read ECONNRESET
    at _errnoException (util.js:1022:11)
    at TCP.onread (net.js:628:25)
June 28th 2019, 02:10:29 [ERR]: Client 127.0.0.1:63193 : Error: read ECONNRESET
    at _errnoException (util.js:1022:11)
    at TCP.onread (net.js:628:25)
June 28th 2019, 02:10:29 [INFO]: chatterbox disconnected
June 28th 2019, 02:10:33 [INFO]: chatterbox0 (127.0.0.1) connected
June 28th 2019, 02:10:33 [INFO]: position written, player spawning...
June 28th 2019, 02:10:33 [INFO] <chatterbox0> Hi everyone!
June 28th 2019, 02:10:33 [INFO] <chatterbox0> I have been forced to move to (0, 69, 14)
June 28th 2019, 02:10:34 [INFO]: position written, player spawning...
June 28th 2019, 02:10:34 [INFO]: chatterbox1 (127.0.0.1) connected
June 28th 2019, 02:10:34 [INFO]: position written, player spawning...
June 28th 2019, 02:10:34 [INFO]: chatterbox2 (127.0.0.1) connected
June 28th 2019, 02:10:34 [INFO]: chatterbox3 (127.0.0.1) connected
June 28th 2019, 02:10:34 [INFO]: position written, player spawning...
June 28th 2019, 02:10:34 [INFO]: chatterbox4 (127.0.0.1) connected
June 28th 2019, 02:10:34 [INFO]: position written, player spawning...
June 28th 2019, 02:10:34 [INFO]: position written, player spawning...
June 28th 2019, 02:10:34 [INFO]: chatterbox5 (127.0.0.1) connected
June 28th 2019, 02:10:35 [INFO]: position written, player spawning...
June 28th 2019, 02:10:35 [INFO]: chatterbox7 (127.0.0.1) connected
June 28th 2019, 02:10:35 [INFO]: position written, player spawning...
June 28th 2019, 02:10:35 [INFO]: chatterbox6 (127.0.0.1) connected
June 28th 2019, 02:10:35 [INFO]: position written, player spawning...
June 28th 2019, 02:10:35 [INFO]: chatterbox8 (127.0.0.1) connected
June 28th 2019, 02:10:35 [INFO]: chatterbox9 (127.0.0.1) connected
June 28th 2019, 02:10:35 [INFO]: position written, player spawning...
June 28th 2019, 02:10:35 [INFO] <chatterbox1> Hi everyone!
June 28th 2019, 02:10:35 [INFO] <chatterbox1> I have been forced to move to (20, 71, 1)
June 28th 2019, 02:10:35 [INFO] <chatterbox2> Hi everyone!
June 28th 2019, 02:10:35 [INFO] <chatterbox2> I have been forced to move to (27, 72, 8)
June 28th 2019, 02:10:35 [INFO] <chatterbox3> Hi everyone!
June 28th 2019, 02:10:35 [INFO] <chatterbox3> I have been forced to move to (5, 69, 11)
June 28th 2019, 02:10:35 [INFO] <chatterbox4> Hi everyone!
June 28th 2019, 02:10:35 [INFO] <chatterbox4> I have been forced to move to (10, 71, 17)
June 28th 2019, 02:10:36 [INFO] <chatterbox5> Hi everyone!
June 28th 2019, 02:10:36 [INFO] <chatterbox5> I have been forced to move to (5, 71, 16)
June 28th 2019, 02:10:36 [INFO] <chatterbox6> Hi everyone!
June 28th 2019, 02:10:36 [INFO] <chatterbox6> I have been forced to move to (5, 70, 13)
June 28th 2019, 02:10:36 [INFO] <chatterbox7> Hi everyone!
June 28th 2019, 02:10:36 [INFO] <chatterbox7> I have been forced to move to (26, 72, 2)
June 28th 2019, 02:10:36 [INFO] <chatterbox8> Hi everyone!
June 28th 2019, 02:10:36 [INFO] <chatterbox8> I have been forced to move to (2, 66, 3)
June 28th 2019, 02:10:36 [INFO] <chatterbox9> Hi everyone!
June 28th 2019, 02:10:36 [INFO] <chatterbox9> I have been forced to move to (29, 73, 12)
June 28th 2019, 02:10:37 [INFO]: devlogs (127.0.0.1) connected
June 28th 2019, 02:10:37 [INFO]: position written, player spawning...
June 28th 2019, 02:10:47 [ERR]: Client 127.0.0.1:63513 : Error: write ECONNABORTED
    at _errnoException (util.js:1022:11)
    at Socket._writeGeneric (net.js:780:25)
    at Socket._write (net.js:799:8)
    at doWrite (_stream_writable.js:397:12)
    at writeOrBuffer (_stream_writable.js:383:5)
    at Socket.Writable.write (_stream_writable.js:290:11)
    at Socket.write (net.js:717:40)
    at Framer.ondata (F:\coding\js\mc\node_modules\readable-stream\lib\_stream_readable.js:662:20)
    at emitOne (events.js:116:13)
    at Framer.emit (events.js:211:7)
    at addChunk (F:\coding\js\mc\node_modules\readable-stream\lib\_stream_readable.js:297:12)
    at readableAddChunk (F:\coding\js\mc\node_modules\readable-stream\lib\_stream_readable.js:279:11)
    at Framer.Readable.push (F:\coding\js\mc\node_modules\readable-stream\lib\_stream_readable.js:240:10)
    at Framer.Transform.push (F:\coding\js\mc\node_modules\readable-stream\lib\_stream_transform.js:139:32)
    at Framer._transform (F:\coding\js\mc\node_modules\minecraft-protocol\src\transforms\framing.js:20:10)
    at Framer.Transform._read (F:\coding\js\mc\node_modules\readable-stream\lib\_stream_transform.js:177:10)
    at Framer.Transform._write (F:\coding\js\mc\node_modules\readable-stream\lib\_stream_transform.js:164:83)
    at doWrite (F:\coding\js\mc\node_modules\readable-stream\lib\_stream_writable.js:405:139)
    at writeOrBuffer (F:\coding\js\mc\node_modules\readable-stream\lib\_stream_writable.js:394:5)
    at Framer.Writable.write (F:\coding\js\mc\node_modules\readable-stream\lib\_stream_writable.js:303:11)
    at Compressor.ondata (F:\coding\js\mc\node_modules\readable-stream\lib\_stream_readable.js:662:20)
    at emitOne (events.js:116:13)
June 28th 2019, 02:10:47 [INFO]: devlogs disconnected
June 28th 2019, 02:10:47 [INFO] <chatterbox1> I have 20 health and 20 food
June 28th 2019, 02:10:47 [INFO] <chatterbox1> Hello, chatterbox0! Welcome to the server.
June 28th 2019, 02:10:47 [INFO] <chatterbox1> Look who decided to show up: chatterbox0
June 28th 2019, 02:10:47 [INFO] <chatterbox1> Hello, chatterbox2! Welcome to the server.
June 28th 2019, 02:10:47 [INFO] <chatterbox1> Look who decided to show up: chatterbox2
June 28th 2019, 02:10:47 [INFO] <chatterbox1> Hello, chatterbox3! Welcome to the server.
June 28th 2019, 02:10:47 [INFO] <chatterbox1> Look who decided to show up: chatterbox3
June 28th 2019, 02:10:47 [INFO] <chatterbox1> Hello, chatterbox4! Welcome to the server.
June 28th 2019, 02:10:47 [INFO] <chatterbox1> Look who decided to show up: chatterbox4
June 28th 2019, 02:10:47 [INFO] <chatterbox1> Hello, chatterbox5! Welcome to the server.
June 28th 2019, 02:10:47 [INFO] <chatterbox1> Look who decided to show up: chatterbox5
June 28th 2019, 02:10:47 [INFO] <chatterbox1> Hello, chatterbox6! Welcome to the server.
June 28th 2019, 02:10:47 [INFO] <chatterbox1> Look who decided to show up: chatterbox6
June 28th 2019, 02:10:47 [INFO] <chatterbox1> Hello, chatterbox7! Welcome to the server.
June 28th 2019, 02:10:47 [INFO] <chatterbox1> Look who decided to show up: chatterbox7
June 28th 2019, 02:10:47 [INFO] <chatterbox1> Hello, chatterbox8! Welcome to the server.
June 28th 2019, 02:10:47 [INFO] <chatterbox1> Look who decided to show up: chatterbox8
June 28th 2019, 02:10:47 [INFO] <chatterbox1> Hello, chatterbox9! Welcome to the server.
June 28th 2019, 02:10:47 [INFO] <chatterbox1> Look who decided to show up: chatterbox9
June 28th 2019, 02:10:47 [INFO] <chatterbox1> That's nice
June 28th 2019, 02:10:47 [INFO] <chatterbox1> That's nice
June 28th 2019, 02:10:47 [INFO] <chatterbox1> That's nice
June 28th 2019, 02:10:47 [INFO] <chatterbox1> That's nice
June 28th 2019, 02:10:47 [INFO] <chatterbox1> That's nice
June 28th 2019, 02:10:47 [INFO] <chatterbox1> That's nice
June 28th 2019, 02:10:47 [INFO] <chatterbox1> That's nice
June 28th 2019, 02:10:47 [INFO] <chatterbox1> That's nice
June 28th 2019, 02:10:47 [INFO] <chatterbox1> That's nice
June 28th 2019, 02:10:47 [INFO] <chatterbox1> That's nice
June 28th 2019, 02:10:47 [INFO] <chatterbox1> That's nice
June 28th 2019, 02:10:47 [INFO] <chatterbox1> That's nice
June 28th 2019, 02:10:47 [INFO] <chatterbox1> That's nice
June 28th 2019, 02:10:47 [INFO] <chatterbox1> That's nice
June 28th 2019, 02:10:47 [INFO] <chatterbox1> That's nice
June 28th 2019, 02:10:47 [INFO] <chatterbox1> That's nice
June 28th 2019, 02:10:47 [INFO] <chatterbox4> I have 20 health and 20 food
June 28th 2019, 02:10:47 [INFO] <chatterbox4> Hello, chatterbox0! Welcome to the server.
June 28th 2019, 02:10:47 [INFO] <chatterbox4> Hello, chatterbox1! Welcome to the server.
June 28th 2019, 02:10:47 [INFO] <chatterbox4> Hello, chatterbox2! Welcome to the server.
June 28th 2019, 02:10:47 [INFO] <chatterbox4> Hello, chatterbox3! Welcome to the server.
June 28th 2019, 02:10:47 [INFO] <chatterbox4> Look who decided to show up: chatterbox0
June 28th 2019, 02:10:47 [INFO] <chatterbox4> Look who decided to show up: chatterbox1
June 28th 2019, 02:10:47 [INFO] <chatterbox4> Look who decided to show up: chatterbox2
June 28th 2019, 02:10:47 [INFO] <chatterbox4> Look who decided to show up: chatterbox3
June 28th 2019, 02:10:47 [INFO] <chatterbox4> Hello, chatterbox5! Welcome to the server.
June 28th 2019, 02:10:47 [INFO] <chatterbox4> Look who decided to show up: chatterbox5
June 28th 2019, 02:10:47 [INFO] <chatterbox4> Hello, chatterbox6! Welcome to the server.
June 28th 2019, 02:10:47 [INFO] <chatterbox4> Look who decided to show up: chatterbox6
June 28th 2019, 02:10:47 [INFO] <chatterbox4> Hello, chatterbox7! Welcome to the server.
June 28th 2019, 02:10:47 [INFO] <chatterbox4> Look who decided to show up: chatterbox7
June 28th 2019, 02:10:47 [INFO] <chatterbox4> Hello, chatterbox8! Welcome to the server.
June 28th 2019, 02:10:47 [INFO] <chatterbox4> Look who decided to show up: chatterbox8
June 28th 2019, 02:10:47 [INFO] <chatterbox4> Hello, chatterbox9! Welcome to the server.
June 28th 2019, 02:10:47 [INFO] <chatterbox4> Look who decided to show up: chatterbox9
June 28th 2019, 02:10:47 [INFO] <chatterbox4> That's nice
June 28th 2019, 02:10:47 [INFO] <chatterbox4> That's nice
June 28th 2019, 02:10:47 [INFO] <chatterbox4> That's nice
June 28th 2019, 02:10:47 [INFO] <chatterbox4> That's nice
June 28th 2019, 02:10:47 [INFO] <chatterbox4> That's nice
June 28th 2019, 02:10:47 [INFO] <chatterbox4> That's nice
June 28th 2019, 02:10:47 [INFO] <chatterbox4> That's nice
June 28th 2019, 02:10:47 [INFO] <chatterbox4> That's nice
June 28th 2019, 02:10:47 [INFO] <chatterbox4> That's nice
June 28th 2019, 02:10:47 [INFO] <chatterbox4> That's nice
June 28th 2019, 02:10:47 [INFO] <chatterbox4> That's nice
June 28th 2019, 02:10:47 [INFO] <chatterbox4> That's nice
June 28th 2019, 02:10:47 [INFO] <chatterbox4> That's nice
June 28th 2019, 02:10:47 [INFO] <chatterbox4> That's nice
June 28th 2019, 02:10:47 [INFO] <chatterbox4> That's nice
June 28th 2019, 02:10:47 [INFO] <chatterbox4> That's nice
June 28th 2019, 02:10:47 [INFO] <chatterbox3> I have 20 health and 20 food
June 28th 2019, 02:10:47 [INFO] <chatterbox3> Hello, chatterbox0! Welcome to the server.
June 28th 2019, 02:10:47 [INFO] <chatterbox3> Hello, chatterbox1! Welcome to the server.
June 28th 2019, 02:10:47 [INFO] <chatterbox3> Hello, chatterbox2! Welcome to the server.
June 28th 2019, 02:10:47 [INFO] <chatterbox3> Look who decided to show up: chatterbox0
June 28th 2019, 02:10:47 [INFO] <chatterbox3> Look who decided to show up: chatterbox1
June 28th 2019, 02:10:47 [INFO] <chatterbox3> Look who decided to show up: chatterbox4
June 28th 2019, 02:10:47 [INFO] <chatterbox3> Look who decided to show up: chatterbox2
June 28th 2019, 02:10:47 [INFO] <chatterbox3> Hello, chatterbox5! Welcome to the server.
June 28th 2019, 02:10:47 [INFO] <chatterbox3> Look who decided to show up: chatterbox5
June 28th 2019, 02:10:47 [INFO] <chatterbox3> Hello, chatterbox4! Welcome to the server.
June 28th 2019, 02:10:47 [INFO] <chatterbox3> Hello, chatterbox6! Welcome to the server.
June 28th 2019, 02:10:47 [INFO] <chatterbox3> Look who decided to show up: chatterbox6
June 28th 2019, 02:10:47 [INFO] <chatterbox3> Hello, chatterbox7! Welcome to the server.
June 28th 2019, 02:10:47 [INFO] <chatterbox3> Hello, chatterbox8! Welcome to the server.
June 28th 2019, 02:10:47 [INFO] <chatterbox3> Look who decided to show up: chatterbox7
June 28th 2019, 02:10:47 [INFO] <chatterbox3> Hello, chatterbox9! Welcome to the server.
June 28th 2019, 02:10:47 [INFO] <chatterbox3> Look who decided to show up: chatterbox8
June 28th 2019, 02:10:47 [INFO] <chatterbox3> Look who decided to show up: chatterbox9
June 28th 2019, 02:10:47 [INFO] <chatterbox3> That's nice
June 28th 2019, 02:10:47 [INFO] <chatterbox3> That's nice
June 28th 2019, 02:10:47 [INFO] <chatterbox3> That's nice
June 28th 2019, 02:10:47 [INFO] <chatterbox3> That's nice
June 28th 2019, 02:10:47 [INFO] <chatterbox3> That's nice
June 28th 2019, 02:10:47 [INFO] <chatterbox3> That's nice
June 28th 2019, 02:10:47 [INFO] <chatterbox3> That's nice
June 28th 2019, 02:10:47 [INFO] <chatterbox3> That's nice
June 28th 2019, 02:10:47 [INFO] <chatterbox3> That's nice
June 28th 2019, 02:10:47 [INFO] <chatterbox3> That's nice
June 28th 2019, 02:10:47 [INFO] <chatterbox3> That's nice
June 28th 2019, 02:10:47 [INFO] <chatterbox3> That's nice
June 28th 2019, 02:10:47 [INFO] <chatterbox3> That's nice
June 28th 2019, 02:10:47 [INFO] <chatterbox3> That's nice
June 28th 2019, 02:10:47 [INFO] <chatterbox3> That's nice
June 28th 2019, 02:10:47 [INFO] <chatterbox7> Hello, chatterbox0! Welcome to the server.
June 28th 2019, 02:10:47 [INFO] <chatterbox7> I have 20 health and 20 food
June 28th 2019, 02:10:47 [INFO] <chatterbox7> Hello, chatterbox1! Welcome to the server.
June 28th 2019, 02:10:47 [INFO] <chatterbox3> That's nice
June 28th 2019, 02:10:47 [INFO] <chatterbox7> Hello, chatterbox2! Welcome to the server.
June 28th 2019, 02:10:47 [INFO] <chatterbox7> Hello, chatterbox3! Welcome to the server.
June 28th 2019, 02:10:47 [INFO] <chatterbox7> Hello, chatterbox4! Welcome to the server.
June 28th 2019, 02:10:47 [INFO] <chatterbox7> Hello, chatterbox6! Welcome to the server.
June 28th 2019, 02:10:47 [INFO] <chatterbox7> Hello, chatterbox5! Welcome to the server.
June 28th 2019, 02:10:47 [INFO] <chatterbox7> Look who decided to show up: chatterbox2
June 28th 2019, 02:10:47 [INFO] <chatterbox7> Look who decided to show up: chatterbox0
June 28th 2019, 02:10:47 [INFO] <chatterbox7> Look who decided to show up: chatterbox3
June 28th 2019, 02:10:47 [INFO] <chatterbox7> Look who decided to show up: chatterbox5
June 28th 2019, 02:10:47 [INFO] <chatterbox7> Look who decided to show up: chatterbox6
June 28th 2019, 02:10:47 [INFO] <chatterbox7> Hello, chatterbox8! Welcome to the server.
June 28th 2019, 02:10:47 [INFO] <chatterbox7> Look who decided to show up: chatterbox4
June 28th 2019, 02:10:47 [INFO] <chatterbox7> Hello, chatterbox9! Welcome to the server.
June 28th 2019, 02:10:47 [INFO] <chatterbox7> Look who decided to show up: chatterbox8
June 28th 2019, 02:10:47 [INFO] <chatterbox7> That's nice
June 28th 2019, 02:10:47 [INFO] <chatterbox7> Look who decided to show up: chatterbox1
June 28th 2019, 02:10:47 [INFO] <chatterbox7> Look who decided to show up: chatterbox9
June 28th 2019, 02:10:47 [INFO] <chatterbox7> That's nice
June 28th 2019, 02:10:47 [INFO] <chatterbox7> That's nice
June 28th 2019, 02:10:47 [INFO] <chatterbox7> That's nice
June 28th 2019, 02:10:47 [INFO] <chatterbox7> That's nice
June 28th 2019, 02:10:47 [INFO] <chatterbox7> That's nice
June 28th 2019, 02:10:47 [INFO] <chatterbox7> That's nice
June 28th 2019, 02:10:47 [INFO] <chatterbox7> That's nice
June 28th 2019, 02:10:47 [INFO] <chatterbox7> That's nice
June 28th 2019, 02:10:47 [INFO] <chatterbox7> That's nice
June 28th 2019, 02:10:47 [INFO] <chatterbox7> That's nice
June 28th 2019, 02:10:47 [INFO] <chatterbox7> That's nice
June 28th 2019, 02:10:47 [INFO] <chatterbox7> That's nice
June 28th 2019, 02:10:47 [INFO] <chatterbox7> That's nice
June 28th 2019, 02:10:47 [INFO] <chatterbox5> I have 20 health and 20 food
June 28th 2019, 02:10:47 [INFO] <chatterbox5> Hello, chatterbox0! Welcome to the server.
June 28th 2019, 02:10:47 [INFO] <chatterbox7> That's nice
June 28th 2019, 02:10:47 [INFO] <chatterbox5> Hello, chatterbox1! Welcome to the server.
June 28th 2019, 02:10:47 [INFO] <chatterbox5> Hello, chatterbox2! Welcome to the server.
June 28th 2019, 02:10:47 [INFO] <chatterbox5> Hello, chatterbox4! Welcome to the server.
June 28th 2019, 02:10:47 [INFO] <chatterbox7> That's nice
June 28th 2019, 02:10:47 [INFO] <chatterbox5> Hello, chatterbox3! Welcome to the server.
June 28th 2019, 02:10:47 [INFO] <chatterbox5> Look who decided to show up: chatterbox2
June 28th 2019, 02:10:47 [INFO] <chatterbox5> Look who decided to show up: chatterbox1
June 28th 2019, 02:10:47 [INFO] <chatterbox5> Look who decided to show up: chatterbox3
June 28th 2019, 02:10:47 [INFO] <chatterbox5> Look who decided to show up: chatterbox0
June 28th 2019, 02:10:47 [INFO] <chatterbox5> Hello, chatterbox6! Welcome to the server.
June 28th 2019, 02:10:47 [INFO] <chatterbox5> Look who decided to show up: chatterbox4
June 28th 2019, 02:10:47 [INFO] <chatterbox5> Hello, chatterbox7! Welcome to the server.
June 28th 2019, 02:10:47 [INFO] <chatterbox5> Look who decided to show up: chatterbox6
June 28th 2019, 02:10:47 [INFO] <chatterbox5> Hello, chatterbox8! Welcome to the server.
June 28th 2019, 02:10:47 [INFO] <chatterbox5> Look who decided to show up: chatterbox8
June 28th 2019, 02:10:47 [INFO] <chatterbox5> Hello, chatterbox9! Welcome to the server.
June 28th 2019, 02:10:47 [INFO] <chatterbox5> Look who decided to show up: chatterbox9
June 28th 2019, 02:10:47 [INFO] <chatterbox5> That's nice
June 28th 2019, 02:10:47 [INFO] <chatterbox5> Look who decided to show up: chatterbox7
June 28th 2019, 02:10:47 [INFO] <chatterbox5> That's nice
June 28th 2019, 02:10:47 [INFO] <chatterbox5> That's nice
June 28th 2019, 02:10:47 [INFO] <chatterbox5> That's nice
June 28th 2019, 02:10:47 [INFO] <chatterbox5> That's nice
June 28th 2019, 02:10:47 [INFO] <chatterbox5> That's nice
June 28th 2019, 02:10:47 [INFO] <chatterbox5> That's nice
June 28th 2019, 02:10:47 [INFO] <chatterbox5> That's nice
June 28th 2019, 02:10:47 [INFO] <chatterbox5> That's nice
June 28th 2019, 02:10:47 [INFO] <chatterbox5> That's nice
June 28th 2019, 02:10:47 [INFO] <chatterbox5> That's nice
June 28th 2019, 02:10:47 [INFO] <chatterbox5> That's nice
June 28th 2019, 02:10:47 [INFO] <chatterbox5> That's nice
June 28th 2019, 02:10:47 [INFO] <chatterbox5> That's nice
June 28th 2019, 02:10:47 [INFO] <chatterbox5> That's nice
June 28th 2019, 02:10:47 [INFO] <chatterbox6> I have 20 health and 20 food
June 28th 2019, 02:10:47 [INFO] <chatterbox6> Hello, chatterbox0! Welcome to the server.
June 28th 2019, 02:10:47 [INFO] <chatterbox6> Hello, chatterbox1! Welcome to the server.
June 28th 2019, 02:10:47 [INFO] <chatterbox6> Hello, chatterbox2! Welcome to the server.
June 28th 2019, 02:10:47 [INFO] <chatterbox6> Hello, chatterbox3! Welcome to the server.
June 28th 2019, 02:10:47 [INFO] <chatterbox6> Hello, chatterbox4! Welcome to the server.
June 28th 2019, 02:10:47 [INFO] <chatterbox6> Hello, chatterbox5! Welcome to the server.
June 28th 2019, 02:10:47 [INFO] <chatterbox6> Look who decided to show up: chatterbox0
June 28th 2019, 02:10:47 [INFO] <chatterbox6> Look who decided to show up: chatterbox2
June 28th 2019, 02:10:47 [INFO] <chatterbox6> Look who decided to show up: chatterbox3
June 28th 2019, 02:10:47 [INFO] <chatterbox6> Look who decided to show up: chatterbox1
June 28th 2019, 02:10:47 [INFO] <chatterbox5> That's nice
June 28th 2019, 02:10:47 [INFO] <chatterbox6> Look who decided to show up: chatterbox4
June 28th 2019, 02:10:47 [INFO] <chatterbox6> Hello, chatterbox7! Welcome to the server.
June 28th 2019, 02:10:47 [INFO] <chatterbox6> Hello, chatterbox8! Welcome to the server.
June 28th 2019, 02:10:47 [INFO] <chatterbox6> Look who decided to show up: chatterbox7
June 28th 2019, 02:10:47 [INFO] <chatterbox6> Hello, chatterbox9! Welcome to the server.
June 28th 2019, 02:10:47 [INFO] <chatterbox6> Look who decided to show up: chatterbox8
June 28th 2019, 02:10:47 [INFO] <chatterbox6> That's nice
June 28th 2019, 02:10:47 [INFO] <chatterbox6> Look who decided to show up: chatterbox5
June 28th 2019, 02:10:47 [INFO] <chatterbox6> Look who decided to show up: chatterbox9
June 28th 2019, 02:10:47 [INFO] <chatterbox6> That's nice
June 28th 2019, 02:10:47 [INFO] <chatterbox6> That's nice
June 28th 2019, 02:10:47 [INFO] <chatterbox6> That's nice
June 28th 2019, 02:10:47 [INFO] <chatterbox6> That's nice
June 28th 2019, 02:10:47 [INFO] <chatterbox6> That's nice
June 28th 2019, 02:10:47 [INFO] <chatterbox6> That's nice
June 28th 2019, 02:10:47 [INFO] <chatterbox6> That's nice
June 28th 2019, 02:10:47 [INFO] <chatterbox6> That's nice
June 28th 2019, 02:10:47 [INFO] <chatterbox6> That's nice
June 28th 2019, 02:10:47 [INFO] <chatterbox6> That's nice
June 28th 2019, 02:10:47 [INFO] <chatterbox6> That's nice
June 28th 2019, 02:10:47 [INFO] <chatterbox6> That's nice
June 28th 2019, 02:10:47 [INFO] <chatterbox6> That's nice
June 28th 2019, 02:10:47 [INFO] <chatterbox8> I have 20 health and 20 food
June 28th 2019, 02:10:47 [INFO] <chatterbox8> Hello, chatterbox0! Welcome to the server.
June 28th 2019, 02:10:47 [INFO] <chatterbox8> Hello, chatterbox1! Welcome to the server.
June 28th 2019, 02:10:47 [INFO] <chatterbox8> Hello, chatterbox2! Welcome to the server.
June 28th 2019, 02:10:47 [INFO] <chatterbox8> Hello, chatterbox3! Welcome to the server.
June 28th 2019, 02:10:47 [INFO] <chatterbox8> Hello, chatterbox4! Welcome to the server.
June 28th 2019, 02:10:47 [INFO] <chatterbox8> Hello, chatterbox5! Welcome to the server.
June 28th 2019, 02:10:47 [INFO] <chatterbox8> Hello, chatterbox6! Welcome to the server.
June 28th 2019, 02:10:47 [INFO] <chatterbox8> Hello, chatterbox7! Welcome to the server.
June 28th 2019, 02:10:47 [INFO] <chatterbox8> Look who decided to show up: chatterbox0
June 28th 2019, 02:10:47 [INFO] <chatterbox6> That's nice
June 28th 2019, 02:10:47 [INFO] <chatterbox8> Look who decided to show up: chatterbox1
June 28th 2019, 02:10:47 [INFO] <chatterbox8> Look who decided to show up: chatterbox3
June 28th 2019, 02:10:47 [INFO] <chatterbox8> Look who decided to show up: chatterbox4
June 28th 2019, 02:10:47 [INFO] <chatterbox8> Look who decided to show up: chatterbox2
June 28th 2019, 02:10:47 [INFO] <chatterbox6> That's nice
June 28th 2019, 02:10:47 [INFO] <chatterbox8> Look who decided to show up: chatterbox5
June 28th 2019, 02:10:47 [INFO] <chatterbox8> Look who decided to show up: chatterbox6
June 28th 2019, 02:10:47 [INFO] <chatterbox8> Hello, chatterbox9! Welcome to the server.
June 28th 2019, 02:10:47 [INFO] <chatterbox8> That's nice
June 28th 2019, 02:10:47 [INFO] <chatterbox8> Look who decided to show up: chatterbox7
June 28th 2019, 02:10:47 [INFO] <chatterbox8> Look who decided to show up: chatterbox9
June 28th 2019, 02:10:47 [INFO] <chatterbox8> That's nice
June 28th 2019, 02:10:47 [INFO] <chatterbox8> That's nice
June 28th 2019, 02:10:47 [INFO] <chatterbox8> That's nice
June 28th 2019, 02:10:47 [INFO] <chatterbox8> That's nice
June 28th 2019, 02:10:47 [INFO] <chatterbox8> That's nice
June 28th 2019, 02:10:47 [INFO] <chatterbox8> That's nice
June 28th 2019, 02:10:47 [INFO] <chatterbox8> That's nice
June 28th 2019, 02:10:47 [INFO] <chatterbox8> That's nice
June 28th 2019, 02:10:47 [INFO] <chatterbox8> That's nice
June 28th 2019, 02:10:47 [INFO] <chatterbox8> That's nice
June 28th 2019, 02:10:47 [INFO] <chatterbox8> That's nice
June 28th 2019, 02:10:47 [INFO] <chatterbox8> That's nice
June 28th 2019, 02:10:47 [INFO] <chatterbox8> That's nice
June 28th 2019, 02:10:47 [INFO] <chatterbox8> That's nice
June 28th 2019, 02:10:47 [INFO] <chatterbox2> I have 20 health and 20 food
June 28th 2019, 02:10:47 [INFO] <chatterbox2> Hello, chatterbox1! Welcome to the server.
June 28th 2019, 02:10:47 [INFO] <chatterbox2> Look who decided to show up: chatterbox0
June 28th 2019, 02:10:47 [INFO] <chatterbox2> Hello, chatterbox0! Welcome to the server.
June 28th 2019, 02:10:47 [INFO] <chatterbox2> Hello, chatterbox3! Welcome to the server.
June 28th 2019, 02:10:47 [INFO] <chatterbox2> Look who decided to show up: chatterbox1
June 28th 2019, 02:10:47 [INFO] <chatterbox2> Hello, chatterbox4! Welcome to the server.
June 28th 2019, 02:10:47 [INFO] <chatterbox2> Look who decided to show up: chatterbox4
June 28th 2019, 02:10:47 [INFO] <chatterbox2> Hello, chatterbox5! Welcome to the server.
June 28th 2019, 02:10:47 [INFO] <chatterbox8> That's nice
June 28th 2019, 02:10:47 [INFO] <chatterbox2> Look who decided to show up: chatterbox5
June 28th 2019, 02:10:47 [INFO] <chatterbox2> Hello, chatterbox6! Welcome to the server.
June 28th 2019, 02:10:47 [INFO] <chatterbox2> Look who decided to show up: chatterbox3
June 28th 2019, 02:10:47 [INFO] <chatterbox2> Hello, chatterbox7! Welcome to the server.
June 28th 2019, 02:10:47 [INFO] <chatterbox2> Look who decided to show up: chatterbox6
June 28th 2019, 02:10:47 [INFO] <chatterbox2> Hello, chatterbox8! Welcome to the server.
June 28th 2019, 02:10:47 [INFO] <chatterbox2> Hello, chatterbox9! Welcome to the server.
June 28th 2019, 02:10:47 [INFO] <chatterbox2> Look who decided to show up: chatterbox7
June 28th 2019, 02:10:47 [INFO] <chatterbox2> Look who decided to show up: chatterbox8
June 28th 2019, 02:10:47 [INFO] <chatterbox2> That's nice
June 28th 2019, 02:10:47 [INFO] <chatterbox2> Look who decided to show up: chatterbox9
June 28th 2019, 02:10:47 [INFO] <chatterbox2> That's nice
June 28th 2019, 02:10:47 [INFO] <chatterbox2> That's nice
June 28th 2019, 02:10:47 [INFO] <chatterbox2> That's nice
June 28th 2019, 02:10:47 [INFO] <chatterbox2> That's nice
June 28th 2019, 02:10:47 [INFO] <chatterbox2> That's nice
June 28th 2019, 02:10:47 [INFO] <chatterbox2> That's nice
June 28th 2019, 02:10:47 [INFO] <chatterbox2> That's nice
June 28th 2019, 02:10:47 [INFO] <chatterbox2> That's nice
June 28th 2019, 02:10:47 [INFO] <chatterbox2> That's nice
June 28th 2019, 02:10:47 [INFO] <chatterbox2> That's nice
June 28th 2019, 02:10:47 [INFO] <chatterbox2> That's nice
June 28th 2019, 02:10:47 [INFO] <chatterbox2> That's nice
June 28th 2019, 02:10:47 [INFO] <chatterbox2> That's nice
June 28th 2019, 02:10:47 [INFO] <chatterbox9> I have 20 health and 20 food
June 28th 2019, 02:10:47 [INFO] <chatterbox2> That's nice
June 28th 2019, 02:10:47 [INFO] <chatterbox9> Hello, chatterbox0! Welcome to the server.
June 28th 2019, 02:10:47 [INFO] <chatterbox9> Hello, chatterbox2! Welcome to the server.
June 28th 2019, 02:10:47 [INFO] <chatterbox9> Hello, chatterbox1! Welcome to the server.
June 28th 2019, 02:10:47 [INFO] <chatterbox9> Hello, chatterbox3! Welcome to the server.
June 28th 2019, 02:10:47 [INFO] <chatterbox2> That's nice
June 28th 2019, 02:10:47 [INFO] <chatterbox9> Hello, chatterbox5! Welcome to the server.
June 28th 2019, 02:10:47 [INFO] <chatterbox9> Hello, chatterbox4! Welcome to the server.
June 28th 2019, 02:10:47 [INFO] <chatterbox9> Hello, chatterbox8! Welcome to the server.
June 28th 2019, 02:10:47 [INFO] <chatterbox9> Look who decided to show up: chatterbox0
June 28th 2019, 02:10:47 [INFO] <chatterbox9> Hello, chatterbox6! Welcome to the server.
June 28th 2019, 02:10:47 [INFO] <chatterbox9> Hello, chatterbox7! Welcome to the server.
June 28th 2019, 02:10:47 [INFO] <chatterbox9> Look who decided to show up: chatterbox1
June 28th 2019, 02:10:47 [INFO] <chatterbox9> Look who decided to show up: chatterbox4
June 28th 2019, 02:10:47 [INFO] <chatterbox9> Look who decided to show up: chatterbox2
June 28th 2019, 02:10:47 [INFO] <chatterbox9> Look who decided to show up: chatterbox6
June 28th 2019, 02:10:47 [INFO] <chatterbox9> Look who decided to show up: chatterbox5
June 28th 2019, 02:10:47 [INFO] <chatterbox9> Look who decided to show up: chatterbox7
June 28th 2019, 02:10:47 [INFO] <chatterbox9> Look who decided to show up: chatterbox3
June 28th 2019, 02:10:47 [INFO] <chatterbox9> That's nice
June 28th 2019, 02:10:47 [INFO] <chatterbox9> Look who decided to show up: chatterbox8
June 28th 2019, 02:10:47 [INFO] <chatterbox9> That's nice
June 28th 2019, 02:10:47 [INFO] <chatterbox9> That's nice
June 28th 2019, 02:10:47 [INFO] <chatterbox9> That's nice
June 28th 2019, 02:10:47 [INFO] <chatterbox9> That's nice
June 28th 2019, 02:10:47 [INFO] <chatterbox9> That's nice
June 28th 2019, 02:10:47 [INFO] <chatterbox9> That's nice
June 28th 2019, 02:10:47 [INFO] <chatterbox9> That's nice
June 28th 2019, 02:10:47 [INFO] <chatterbox9> That's nice
June 28th 2019, 02:10:47 [INFO] <chatterbox9> That's nice
June 28th 2019, 02:10:47 [INFO] <chatterbox9> That's nice
June 28th 2019, 02:10:47 [INFO] <chatterbox9> That's nice
June 28th 2019, 02:10:47 [INFO] <chatterbox9> That's nice
June 28th 2019, 02:10:47 [INFO] <chatterbox9> That's nice
June 28th 2019, 02:10:47 [INFO] <chatterbox0> I have 20 health and 20 food
June 28th 2019, 02:10:47 [INFO] <chatterbox0> Hello, chatterbox1! Welcome to the server.
June 28th 2019, 02:10:47 [INFO] <chatterbox0> Look who decided to show up: chatterbox1
June 28th 2019, 02:10:47 [INFO] <chatterbox0> Hello, chatterbox2! Welcome to the server.
June 28th 2019, 02:10:47 [INFO] <chatterbox0> Look who decided to show up: chatterbox2
June 28th 2019, 02:10:47 [INFO] <chatterbox0> Hello, chatterbox3! Welcome to the server.
June 28th 2019, 02:10:47 [INFO] <chatterbox9> That's nice
June 28th 2019, 02:10:47 [INFO] <chatterbox0> Look who decided to show up: chatterbox3
June 28th 2019, 02:10:47 [INFO] <chatterbox0> Hello, chatterbox4! Welcome to the server.
June 28th 2019, 02:10:47 [INFO] <chatterbox9> That's nice
June 28th 2019, 02:10:47 [INFO] <chatterbox0> Look who decided to show up: chatterbox4
June 28th 2019, 02:10:47 [INFO] <chatterbox0> Hello, chatterbox6! Welcome to the server.
June 28th 2019, 02:10:47 [INFO] <chatterbox0> Hello, chatterbox5! Welcome to the server.
June 28th 2019, 02:10:47 [INFO] <chatterbox0> Look who decided to show up: chatterbox5
June 28th 2019, 02:10:47 [INFO] <chatterbox0> Hello, chatterbox7! Welcome to the server.
June 28th 2019, 02:10:47 [INFO] <chatterbox0> Hello, chatterbox8! Welcome to the server.
June 28th 2019, 02:10:47 [INFO] <chatterbox0> Look who decided to show up: chatterbox8
June 28th 2019, 02:10:47 [INFO] <chatterbox0> Hello, chatterbox9! Welcome to the server.
June 28th 2019, 02:10:47 [INFO] <chatterbox0> Look who decided to show up: chatterbox9
June 28th 2019, 02:10:47 [INFO] <chatterbox0> Look who decided to show up: chatterbox6
June 28th 2019, 02:10:47 [INFO] <chatterbox0> Look who decided to show up: chatterbox7
June 28th 2019, 02:10:47 [INFO] <chatterbox0> That's nice
June 28th 2019, 02:10:47 [INFO] <chatterbox0> That's nice
June 28th 2019, 02:10:47 [INFO] <chatterbox0> That's nice
June 28th 2019, 02:10:47 [INFO] <chatterbox0> That's nice
June 28th 2019, 02:10:47 [INFO] <chatterbox0> That's nice
June 28th 2019, 02:10:47 [INFO] <chatterbox0> That's nice
June 28th 2019, 02:10:47 [INFO] <chatterbox0> That's nice
June 28th 2019, 02:10:47 [INFO] <chatterbox0> That's nice
June 28th 2019, 02:10:47 [INFO] <chatterbox0> That's nice
June 28th 2019, 02:10:47 [INFO] <chatterbox0> That's nice
June 28th 2019, 02:10:47 [INFO] <chatterbox0> That's nice
June 28th 2019, 02:10:47 [INFO] <chatterbox0> That's nice
June 28th 2019, 02:10:47 [INFO] <chatterbox0> That's nice
June 28th 2019, 02:10:47 [INFO] <chatterbox0> That's nice
June 28th 2019, 02:10:47 [INFO] <chatterbox0> That's nice
June 28th 2019, 02:10:47 [INFO] <chatterbox0> That's nice
June 28th 2019, 02:10:47 [INFO] <chatterbox0> That's nice
June 28th 2019, 02:10:47 [INFO] <chatterbox0> That's nice
June 28th 2019, 02:10:47 [INFO]: chatterbox1 disconnected
June 28th 2019, 02:10:47 [INFO]: chatterbox4 disconnected
June 28th 2019, 02:10:47 [INFO]: chatterbox7 disconnected
June 28th 2019, 02:10:47 [INFO]: chatterbox3 disconnected
June 28th 2019, 02:10:47 [INFO]: chatterbox5 disconnected
June 28th 2019, 02:10:47 [INFO]: chatterbox6 disconnected
June 28th 2019, 02:10:47 [INFO]: chatterbox2 disconnected
June 28th 2019, 02:10:47 [INFO]: chatterbox0 disconnected
June 28th 2019, 02:10:47 [INFO]: chatterbox8 disconnected
June 28th 2019, 02:10:47 [INFO]: chatterbox9 disconnected
June 28th 2019, 02:11:13 [INFO]: devlogs (127.0.0.1) connected
June 28th 2019, 02:11:13 [INFO]: position written, player spawning...
June 28th 2019, 02:11:25 [INFO]: chatterbox0 (127.0.0.1) connected
June 28th 2019, 02:11:25 [INFO]: position written, player spawning...
June 28th 2019, 02:11:25 [INFO] <chatterbox0> I have been forced to move to (7, 67, 4)
June 28th 2019, 02:11:25 [INFO] <chatterbox0> Hi everyone!
June 28th 2019, 02:11:26 [INFO]: chatterbox1 (127.0.0.1) connected
June 28th 2019, 02:11:26 [INFO]: position written, player spawning...
June 28th 2019, 02:11:26 [INFO]: chatterbox2 (127.0.0.1) connected
June 28th 2019, 02:11:26 [INFO]: position written, player spawning...
June 28th 2019, 02:11:26 [INFO]: chatterbox3 (127.0.0.1) connected
June 28th 2019, 02:11:26 [INFO]: position written, player spawning...
June 28th 2019, 02:11:26 [INFO]: position written, player spawning...
June 28th 2019, 02:11:26 [INFO]: chatterbox4 (127.0.0.1) connected
June 28th 2019, 02:11:27 [INFO]: chatterbox5 (127.0.0.1) connected
June 28th 2019, 02:11:27 [INFO]: position written, player spawning...
June 28th 2019, 02:11:27 [INFO]: chatterbox6 (127.0.0.1) connected
June 28th 2019, 02:11:27 [INFO]: position written, player spawning...
June 28th 2019, 02:11:27 [INFO]: chatterbox7 (127.0.0.1) connected
June 28th 2019, 02:11:27 [INFO]: position written, player spawning...
June 28th 2019, 02:11:27 [INFO]: chatterbox8 (127.0.0.1) connected
June 28th 2019, 02:11:27 [INFO]: position written, player spawning...
June 28th 2019, 02:11:28 [INFO]: chatterbox9 (127.0.0.1) connected
June 28th 2019, 02:11:28 [INFO]: position written, player spawning...
June 28th 2019, 02:11:28 [INFO]: chatterbox10 (127.0.0.1) connected
June 28th 2019, 02:11:28 [INFO]: position written, player spawning...
June 28th 2019, 02:11:28 [INFO]: chatterbox11 (127.0.0.1) connected
June 28th 2019, 02:11:28 [INFO]: position written, player spawning...
June 28th 2019, 02:11:28 [INFO]: chatterbox12 (127.0.0.1) connected
June 28th 2019, 02:11:28 [INFO]: position written, player spawning...
June 28th 2019, 02:11:28 [INFO]: chatterbox13 (127.0.0.1) connected
June 28th 2019, 02:11:28 [INFO]: position written, player spawning...
June 28th 2019, 02:11:29 [INFO]: chatterbox14 (127.0.0.1) connected
June 28th 2019, 02:11:29 [INFO]: position written, player spawning...
June 28th 2019, 02:11:29 [INFO]: position written, player spawning...
June 28th 2019, 02:11:29 [INFO]: chatterbox15 (127.0.0.1) connected
June 28th 2019, 02:11:29 [INFO]: position written, player spawning...
June 28th 2019, 02:11:29 [INFO]: chatterbox17 (127.0.0.1) connected
June 28th 2019, 02:11:29 [INFO]: position written, player spawning...
June 28th 2019, 02:11:29 [INFO]: chatterbox16 (127.0.0.1) connected
June 28th 2019, 02:11:30 [INFO]: chatterbox18 (127.0.0.1) connected
June 28th 2019, 02:11:30 [INFO]: position written, player spawning...
June 28th 2019, 02:11:30 [INFO]: chatterbox19 (127.0.0.1) connected
June 28th 2019, 02:11:30 [INFO]: position written, player spawning...
June 28th 2019, 02:11:30 [INFO]: chatterbox20 (127.0.0.1) connected
June 28th 2019, 02:11:30 [INFO]: position written, player spawning...
June 28th 2019, 02:11:30 [INFO]: chatterbox21 (127.0.0.1) connected
June 28th 2019, 02:11:30 [INFO]: position written, player spawning...
June 28th 2019, 02:11:31 [INFO]: chatterbox22 (127.0.0.1) connected
June 28th 2019, 02:11:31 [INFO]: position written, player spawning...
June 28th 2019, 02:11:31 [INFO]: chatterbox23 (127.0.0.1) connected
June 28th 2019, 02:11:31 [INFO]: position written, player spawning...
June 28th 2019, 02:11:31 [INFO]: chatterbox24 (127.0.0.1) connected
June 28th 2019, 02:11:31 [INFO]: position written, player spawning...
June 28th 2019, 02:11:31 [INFO]: chatterbox25 (127.0.0.1) connected
June 28th 2019, 02:11:31 [INFO]: position written, player spawning...
June 28th 2019, 02:11:32 [INFO]: chatterbox26 (127.0.0.1) connected
June 28th 2019, 02:11:32 [INFO]: position written, player spawning...
June 28th 2019, 02:11:32 [INFO]: chatterbox27 (127.0.0.1) connected
June 28th 2019, 02:11:32 [INFO]: position written, player spawning...
June 28th 2019, 02:11:32 [INFO]: chatterbox28 (127.0.0.1) connected
June 28th 2019, 02:11:32 [INFO]: position written, player spawning...
June 28th 2019, 02:11:32 [INFO]: chatterbox29 (127.0.0.1) connected
June 28th 2019, 02:11:32 [INFO]: position written, player spawning...
June 28th 2019, 02:11:33 [INFO]: chatterbox30 (127.0.0.1) connected
June 28th 2019, 02:11:33 [INFO]: position written, player spawning...
June 28th 2019, 02:11:33 [INFO]: chatterbox31 (127.0.0.1) connected
June 28th 2019, 02:11:33 [INFO]: position written, player spawning...
June 28th 2019, 02:11:33 [INFO]: chatterbox32 (127.0.0.1) connected
June 28th 2019, 02:11:33 [INFO]: position written, player spawning...
June 28th 2019, 02:11:34 [INFO]: chatterbox33 (127.0.0.1) connected
June 28th 2019, 02:11:34 [INFO]: position written, player spawning...
June 28th 2019, 02:11:34 [INFO]: chatterbox34 (127.0.0.1) connected
June 28th 2019, 02:11:34 [INFO]: position written, player spawning...
June 28th 2019, 02:11:34 [INFO]: chatterbox35 (127.0.0.1) connected
June 28th 2019, 02:11:34 [INFO]: position written, player spawning...
June 28th 2019, 02:11:34 [INFO]: chatterbox36 (127.0.0.1) connected
June 28th 2019, 02:11:34 [INFO]: position written, player spawning...
June 28th 2019, 02:11:35 [INFO]: position written, player spawning...
June 28th 2019, 02:11:35 [INFO]: chatterbox37 (127.0.0.1) connected
June 28th 2019, 02:11:35 [INFO]: position written, player spawning...
June 28th 2019, 02:11:35 [INFO]: chatterbox38 (127.0.0.1) connected
June 28th 2019, 02:11:35 [INFO]: chatterbox39 (127.0.0.1) connected
June 28th 2019, 02:11:35 [INFO]: position written, player spawning...
June 28th 2019, 02:11:35 [INFO]: chatterbox40 (127.0.0.1) connected
June 28th 2019, 02:11:35 [INFO]: position written, player spawning...
June 28th 2019, 02:11:36 [INFO]: chatterbox41 (127.0.0.1) connected
June 28th 2019, 02:11:36 [INFO]: position written, player spawning...
June 28th 2019, 02:11:36 [INFO]: chatterbox42 (127.0.0.1) connected
June 28th 2019, 02:11:36 [INFO]: position written, player spawning...
June 28th 2019, 02:11:36 [INFO]: chatterbox43 (127.0.0.1) connected
June 28th 2019, 02:11:36 [INFO]: position written, player spawning...
June 28th 2019, 02:11:36 [INFO]: chatterbox44 (127.0.0.1) connected
June 28th 2019, 02:11:36 [INFO]: position written, player spawning...
June 28th 2019, 02:11:37 [INFO]: position written, player spawning...
June 28th 2019, 02:11:37 [INFO]: chatterbox46 (127.0.0.1) connected
June 28th 2019, 02:11:37 [INFO]: position written, player spawning...
June 28th 2019, 02:11:37 [INFO]: chatterbox45 (127.0.0.1) connected
June 28th 2019, 02:11:37 [INFO]: chatterbox47 (127.0.0.1) connected
June 28th 2019, 02:11:37 [INFO]: position written, player spawning...
June 28th 2019, 02:11:37 [INFO]: position written, player spawning...
June 28th 2019, 02:11:37 [INFO]: chatterbox48 (127.0.0.1) connected
June 28th 2019, 02:11:38 [INFO]: position written, player spawning...
June 28th 2019, 02:11:38 [INFO]: chatterbox49 (127.0.0.1) connected
June 28th 2019, 02:11:38 [INFO]: chatterbox50 (127.0.0.1) connected
June 28th 2019, 02:11:38 [INFO]: position written, player spawning...
June 28th 2019, 02:11:38 [INFO]: chatterbox51 (127.0.0.1) connected
June 28th 2019, 02:11:38 [INFO]: position written, player spawning...
June 28th 2019, 02:11:39 [INFO]: chatterbox52 (127.0.0.1) connected
June 28th 2019, 02:11:39 [INFO]: position written, player spawning...
June 28th 2019, 02:11:39 [INFO]: chatterbox53 (127.0.0.1) connected
June 28th 2019, 02:11:39 [INFO]: position written, player spawning...
June 28th 2019, 02:11:39 [INFO]: chatterbox54 (127.0.0.1) connected
June 28th 2019, 02:11:39 [INFO]: position written, player spawning...
June 28th 2019, 02:11:39 [INFO]: chatterbox55 (127.0.0.1) connected
June 28th 2019, 02:11:39 [INFO]: position written, player spawning...
June 28th 2019, 02:11:40 [INFO]: chatterbox56 (127.0.0.1) connected
June 28th 2019, 02:11:40 [INFO]: position written, player spawning...
June 28th 2019, 02:11:40 [INFO]: chatterbox57 (127.0.0.1) connected
June 28th 2019, 02:11:40 [INFO]: position written, player spawning...
June 28th 2019, 02:11:40 [INFO]: chatterbox58 (127.0.0.1) connected
June 28th 2019, 02:11:40 [INFO]: position written, player spawning...
June 28th 2019, 02:11:40 [INFO]: chatterbox59 (127.0.0.1) connected
June 28th 2019, 02:11:40 [INFO]: position written, player spawning...
June 28th 2019, 02:11:41 [INFO]: chatterbox60 (127.0.0.1) connected
June 28th 2019, 02:11:41 [INFO]: position written, player spawning...
June 28th 2019, 02:11:41 [INFO]: chatterbox61 (127.0.0.1) connected
June 28th 2019, 02:11:41 [INFO]: position written, player spawning...
June 28th 2019, 02:11:41 [INFO]: chatterbox62 (127.0.0.1) connected
June 28th 2019, 02:11:41 [INFO]: position written, player spawning...
June 28th 2019, 02:11:41 [INFO]: chatterbox63 (127.0.0.1) connected
June 28th 2019, 02:11:41 [INFO]: position written, player spawning...
June 28th 2019, 02:11:42 [INFO]: chatterbox64 (127.0.0.1) connected
June 28th 2019, 02:11:42 [INFO]: position written, player spawning...
June 28th 2019, 02:11:42 [INFO]: chatterbox65 (127.0.0.1) connected
June 28th 2019, 02:11:42 [INFO]: position written, player spawning...
June 28th 2019, 02:11:42 [INFO]: chatterbox66 (127.0.0.1) connected
June 28th 2019, 02:11:42 [INFO]: position written, player spawning...
June 28th 2019, 02:11:42 [INFO]: chatterbox67 (127.0.0.1) connected
June 28th 2019, 02:11:42 [INFO]: position written, player spawning...
June 28th 2019, 02:11:43 [INFO]: chatterbox68 (127.0.0.1) connected
June 28th 2019, 02:11:43 [INFO]: position written, player spawning...
June 28th 2019, 02:11:43 [INFO]: chatterbox69 (127.0.0.1) connected
June 28th 2019, 02:11:43 [INFO]: position written, player spawning...
June 28th 2019, 02:11:43 [INFO]: chatterbox70 (127.0.0.1) connected
June 28th 2019, 02:11:43 [INFO]: position written, player spawning...
June 28th 2019, 02:11:44 [INFO]: chatterbox71 (127.0.0.1) connected
June 28th 2019, 02:11:44 [INFO]: position written, player spawning...
June 28th 2019, 02:11:44 [INFO]: chatterbox72 (127.0.0.1) connected
June 28th 2019, 02:11:44 [INFO]: position written, player spawning...
June 28th 2019, 02:11:44 [INFO]: chatterbox73 (127.0.0.1) connected
June 28th 2019, 02:11:44 [INFO]: position written, player spawning...
June 28th 2019, 02:11:44 [INFO]: chatterbox74 (127.0.0.1) connected
June 28th 2019, 02:11:44 [INFO]: position written, player spawning...
June 28th 2019, 02:11:45 [INFO]: position written, player spawning...
June 28th 2019, 02:11:45 [INFO]: chatterbox76 (127.0.0.1) connected
June 28th 2019, 02:11:45 [INFO]: chatterbox75 (127.0.0.1) connected
June 28th 2019, 02:11:45 [INFO]: position written, player spawning...
June 28th 2019, 02:11:45 [INFO]: chatterbox77 (127.0.0.1) connected
June 28th 2019, 02:11:45 [INFO]: position written, player spawning...
June 28th 2019, 02:11:45 [INFO]: chatterbox78 (127.0.0.1) connected
June 28th 2019, 02:11:45 [INFO]: position written, player spawning...
June 28th 2019, 02:11:46 [INFO]: position written, player spawning...
June 28th 2019, 02:11:46 [INFO]: chatterbox79 (127.0.0.1) connected
June 28th 2019, 02:11:46 [INFO]: chatterbox80 (127.0.0.1) connected
June 28th 2019, 02:11:46 [INFO]: position written, player spawning...
June 28th 2019, 02:11:46 [INFO]: chatterbox81 (127.0.0.1) connected
June 28th 2019, 02:11:46 [INFO]: position written, player spawning...
June 28th 2019, 02:11:46 [INFO]: chatterbox82 (127.0.0.1) connected
June 28th 2019, 02:11:46 [INFO]: position written, player spawning...
June 28th 2019, 02:11:47 [INFO]: chatterbox83 (127.0.0.1) connected
June 28th 2019, 02:11:47 [INFO]: position written, player spawning...
June 28th 2019, 02:11:47 [INFO]: chatterbox84 (127.0.0.1) connected
June 28th 2019, 02:11:47 [INFO]: position written, player spawning...
June 28th 2019, 02:11:47 [INFO]: chatterbox85 (127.0.0.1) connected
June 28th 2019, 02:11:47 [INFO]: position written, player spawning...
June 28th 2019, 02:11:48 [INFO]: chatterbox86 (127.0.0.1) connected
June 28th 2019, 02:11:48 [INFO]: position written, player spawning...
June 28th 2019, 02:11:48 [INFO]: chatterbox87 (127.0.0.1) connected
June 28th 2019, 02:11:48 [INFO]: position written, player spawning...
June 28th 2019, 02:11:48 [INFO]: chatterbox88 (127.0.0.1) connected
June 28th 2019, 02:11:48 [INFO]: position written, player spawning...
June 28th 2019, 02:11:48 [INFO]: chatterbox89 (127.0.0.1) connected
June 28th 2019, 02:11:48 [INFO]: position written, player spawning...
June 28th 2019, 02:11:49 [INFO]: chatterbox90 (127.0.0.1) connected
June 28th 2019, 02:11:49 [INFO]: position written, player spawning...
June 28th 2019, 02:11:49 [INFO]: chatterbox91 (127.0.0.1) connected
June 28th 2019, 02:11:49 [INFO]: position written, player spawning...
June 28th 2019, 02:11:49 [INFO]: chatterbox92 (127.0.0.1) connected
June 28th 2019, 02:11:49 [INFO]: position written, player spawning...
June 28th 2019, 02:11:50 [INFO]: position written, player spawning...
June 28th 2019, 02:11:50 [INFO]: chatterbox93 (127.0.0.1) connected
June 28th 2019, 02:11:50 [INFO]: chatterbox94 (127.0.0.1) connected
June 28th 2019, 02:11:50 [INFO]: position written, player spawning...
June 28th 2019, 02:11:50 [INFO]: chatterbox95 (127.0.0.1) connected
June 28th 2019, 02:11:50 [INFO]: position written, player spawning...
June 28th 2019, 02:11:50 [INFO]: chatterbox96 (127.0.0.1) connected
June 28th 2019, 02:11:50 [INFO]: position written, player spawning...
June 28th 2019, 02:11:51 [INFO]: chatterbox97 (127.0.0.1) connected
June 28th 2019, 02:11:51 [INFO]: position written, player spawning...
June 28th 2019, 02:11:51 [INFO]: chatterbox98 (127.0.0.1) connected
June 28th 2019, 02:11:51 [INFO]: position written, player spawning...
June 28th 2019, 02:11:51 [INFO]: chatterbox99 (127.0.0.1) connected
June 28th 2019, 02:11:51 [INFO]: position written, player spawning...
June 28th 2019, 02:11:51 [INFO] <chatterbox1> Hi everyone!
June 28th 2019, 02:11:51 [INFO] <chatterbox1> I have been forced to move to (28, 72, 8)
June 28th 2019, 02:11:51 [INFO] <chatterbox2> Hi everyone!
June 28th 2019, 02:11:51 [INFO] <chatterbox2> I have been forced to move to (5, 72, 28)
June 28th 2019, 02:11:51 [INFO] <chatterbox3> Hi everyone!
June 28th 2019, 02:11:51 [INFO] <chatterbox3> I have been forced to move to (25, 72, 29)
June 28th 2019, 02:11:52 [INFO] <chatterbox4> Hi everyone!
June 28th 2019, 02:11:52 [INFO] <chatterbox4> I have been forced to move to (18, 71, 17)
June 28th 2019, 02:11:52 [INFO] <chatterbox5> Hi everyone!
June 28th 2019, 02:11:52 [INFO] <chatterbox5> I have been forced to move to (21, 71, 16)
June 28th 2019, 02:11:52 [INFO] <chatterbox6> Hi everyone!
June 28th 2019, 02:11:52 [INFO] <chatterbox6> I have been forced to move to (10, 72, 19)
June 28th 2019, 02:11:52 [INFO] <chatterbox7> Hi everyone!
June 28th 2019, 02:11:52 [INFO] <chatterbox7> I have been forced to move to (16, 72, 20)
June 28th 2019, 02:11:52 [INFO] <chatterbox8> I have been forced to move to (13, 69, 1)
June 28th 2019, 02:11:52 [INFO] <chatterbox8> Hi everyone!
June 28th 2019, 02:11:52 [INFO] <chatterbox9> Hi everyone!
June 28th 2019, 02:11:52 [INFO] <chatterbox9> I have been forced to move to (8, 68, 3)
June 28th 2019, 02:11:52 [INFO] <chatterbox10> Hi everyone!
June 28th 2019, 02:11:52 [INFO] <chatterbox10> I have been forced to move to (13, 71, 19)
June 28th 2019, 02:11:52 [INFO] <chatterbox11> Hi everyone!
June 28th 2019, 02:11:52 [INFO] <chatterbox11> I have been forced to move to (24, 72, 22)
June 28th 2019, 02:11:52 [INFO] <chatterbox12> Hi everyone!
June 28th 2019, 02:11:52 [INFO] <chatterbox12> I have been forced to move to (21, 72, 24)
June 28th 2019, 02:11:52 [INFO] <chatterbox13> Hi everyone!
June 28th 2019, 02:11:52 [INFO] <chatterbox13> I have been forced to move to (10, 72, 28)
June 28th 2019, 02:11:52 [INFO] <chatterbox14> Hi everyone!
June 28th 2019, 02:11:52 [INFO] <chatterbox14> I have been forced to move to (27, 72, 17)
June 28th 2019, 02:11:52 [INFO] <chatterbox15> Hi everyone!
June 28th 2019, 02:11:52 [INFO] <chatterbox15> I have been forced to move to (1, 71, 21)
June 28th 2019, 02:11:52 [INFO] <chatterbox16> Hi everyone!
June 28th 2019, 02:11:52 [INFO] <chatterbox16> I have been forced to move to (27, 72, 17)
June 28th 2019, 02:11:52 [INFO] <chatterbox17> Hi everyone!
June 28th 2019, 02:11:52 [INFO] <chatterbox17> I have been forced to move to (7, 69, 10)
June 28th 2019, 02:11:53 [INFO] <chatterbox18> Hi everyone!
June 28th 2019, 02:11:53 [INFO] <chatterbox18> I have been forced to move to (25, 73, 5)
June 28th 2019, 02:11:53 [INFO] <chatterbox19> Hi everyone!
June 28th 2019, 02:11:53 [INFO] <chatterbox19> I have been forced to move to (29, 74, 13)
June 28th 2019, 02:11:53 [INFO] <chatterbox20> Hi everyone!
June 28th 2019, 02:11:53 [INFO] <chatterbox20> I have been forced to move to (24, 71, 4)
June 28th 2019, 02:11:53 [INFO] <chatterbox21> Hi everyone!
June 28th 2019, 02:11:53 [INFO] <chatterbox21> I have been forced to move to (8, 71, 18)
June 28th 2019, 02:11:53 [INFO] <chatterbox22> I have been forced to move to (14, 71, 19)
June 28th 2019, 02:11:53 [INFO] <chatterbox22> Hi everyone!
June 28th 2019, 02:11:53 [INFO] <chatterbox23> I have been forced to move to (15, 72, 23)
June 28th 2019, 02:11:53 [INFO] <chatterbox23> Hi everyone!
June 28th 2019, 02:11:53 [INFO] <chatterbox24> I have been forced to move to (4, 66, 0)
June 28th 2019, 02:11:53 [INFO] <chatterbox24> Hi everyone!
June 28th 2019, 02:11:53 [INFO] <chatterbox25> I have been forced to move to (12, 69, 11)
June 28th 2019, 02:11:53 [INFO] <chatterbox26> Hi everyone!
June 28th 2019, 02:11:53 [INFO] <chatterbox25> Hi everyone!
June 28th 2019, 02:11:53 [INFO] <chatterbox26> I have been forced to move to (20, 71, 15)
June 28th 2019, 02:11:53 [INFO] <chatterbox27> I have been forced to move to (12, 72, 23)
June 28th 2019, 02:11:53 [INFO] <chatterbox28> Hi everyone!
June 28th 2019, 02:11:53 [INFO] <chatterbox28> I have been forced to move to (14, 69, 5)
June 28th 2019, 02:11:53 [INFO] <chatterbox29> Hi everyone!
June 28th 2019, 02:11:53 [INFO] <chatterbox29> I have been forced to move to (24, 71, 16)
June 28th 2019, 02:11:53 [INFO] <chatterbox27> Hi everyone!
June 28th 2019, 02:11:53 [INFO] <chatterbox30> I have been forced to move to (27, 72, 8)
June 28th 2019, 02:11:53 [INFO] <chatterbox31> Hi everyone!
June 28th 2019, 02:11:53 [INFO] <chatterbox31> I have been forced to move to (11, 71, 18)
June 28th 2019, 02:11:53 [INFO] <chatterbox32> Hi everyone!
June 28th 2019, 02:11:53 [INFO] <chatterbox32> I have been forced to move to (15, 70, 13)
June 28th 2019, 02:11:53 [INFO] <chatterbox30> Hi everyone!
June 28th 2019, 02:11:53 [INFO] <chatterbox33> I have been forced to move to (22, 71, 0)
June 28th 2019, 02:11:53 [INFO] <chatterbox33> Hi everyone!
June 28th 2019, 02:11:53 [INFO] <chatterbox34> I have been forced to move to (6, 66, 0)
June 28th 2019, 02:11:53 [INFO] <chatterbox34> Hi everyone!
June 28th 2019, 02:11:53 [INFO] <chatterbox35> I have been forced to move to (21, 71, 14)
June 28th 2019, 02:11:53 [INFO] <chatterbox35> Hi everyone!
June 28th 2019, 02:11:53 [INFO] <chatterbox36> Hi everyone!
June 28th 2019, 02:11:53 [INFO] <chatterbox36> I have been forced to move to (8, 72, 26)
June 28th 2019, 02:11:54 [INFO] <chatterbox37> Hi everyone!
June 28th 2019, 02:11:54 [INFO] <chatterbox37> I have been forced to move to (0, 71, 20)
June 28th 2019, 02:11:54 [INFO] <chatterbox38> I have been forced to move to (10, 72, 23)
June 28th 2019, 02:11:54 [INFO] <chatterbox39> Hi everyone!
June 28th 2019, 02:11:54 [INFO] <chatterbox38> Hi everyone!
June 28th 2019, 02:11:54 [INFO] <chatterbox39> I have been forced to move to (27, 72, 8)
June 28th 2019, 02:11:54 [INFO] <chatterbox40> I have been forced to move to (8, 72, 29)
June 28th 2019, 02:11:54 [INFO] <chatterbox41> Hi everyone!
June 28th 2019, 02:11:54 [INFO] <chatterbox41> I have been forced to move to (10, 72, 19)
June 28th 2019, 02:11:54 [INFO] <chatterbox42> Hi everyone!
June 28th 2019, 02:11:54 [INFO] <chatterbox42> I have been forced to move to (29, 73, 26)
June 28th 2019, 02:11:54 [INFO] <chatterbox43> Hi everyone!
June 28th 2019, 02:11:54 [INFO] <chatterbox40> Hi everyone!
June 28th 2019, 02:11:54 [INFO] <chatterbox43> I have been forced to move to (2, 69, 11)
June 28th 2019, 02:11:54 [INFO] <chatterbox44> I have been forced to move to (20, 72, 27)
June 28th 2019, 02:11:54 [INFO] <chatterbox45> Hi everyone!
June 28th 2019, 02:11:54 [INFO] <chatterbox45> I have been forced to move to (2, 72, 24)
June 28th 2019, 02:11:54 [INFO] <chatterbox46> Hi everyone!
June 28th 2019, 02:11:54 [INFO] <chatterbox46> I have been forced to move to (18, 70, 4)
June 28th 2019, 02:11:54 [INFO] <chatterbox47> Hi everyone!
June 28th 2019, 02:11:54 [INFO] <chatterbox47> I have been forced to move to (28, 73, 13)
June 28th 2019, 02:11:54 [INFO] <chatterbox48> Hi everyone!
June 28th 2019, 02:11:54 [INFO] <chatterbox48> I have been forced to move to (9, 68, 7)
June 28th 2019, 02:11:54 [INFO] <chatterbox49> Hi everyone!
June 28th 2019, 02:11:54 [INFO] <chatterbox49> I have been forced to move to (19, 71, 1)
June 28th 2019, 02:11:54 [INFO] <chatterbox44> Hi everyone!
June 28th 2019, 02:11:54 [INFO] <chatterbox50> I have been forced to move to (12, 69, 2)
June 28th 2019, 02:11:54 [INFO] <chatterbox50> Hi everyone!
June 28th 2019, 02:11:54 [INFO] <chatterbox51> I have been forced to move to (1, 72, 22)
June 28th 2019, 02:11:54 [INFO] <chatterbox52> Hi everyone!
June 28th 2019, 02:11:54 [INFO] <chatterbox52> I have been forced to move to (9, 72, 22)
June 28th 2019, 02:11:54 [INFO] <chatterbox53> Hi everyone!
June 28th 2019, 02:11:54 [INFO] <chatterbox53> I have been forced to move to (1, 64, 1)
June 28th 2019, 02:11:54 [INFO] <chatterbox54> Hi everyone!
June 28th 2019, 02:11:54 [INFO] <chatterbox54> I have been forced to move to (24, 72, 11)
June 28th 2019, 02:11:54 [INFO] <chatterbox51> Hi everyone!
June 28th 2019, 02:11:54 [INFO] <chatterbox55> I have been forced to move to (15, 69, 9)
June 28th 2019, 02:11:54 [INFO] <chatterbox56> Hi everyone!
June 28th 2019, 02:11:54 [INFO] <chatterbox56> I have been forced to move to (26, 72, 7)
June 28th 2019, 02:11:55 [INFO] <chatterbox57> Hi everyone!
June 28th 2019, 02:11:55 [INFO] <chatterbox57> I have been forced to move to (6, 70, 15)
June 28th 2019, 02:11:55 [INFO] <chatterbox58> Hi everyone!
June 28th 2019, 02:11:55 [INFO] <chatterbox58> I have been forced to move to (15, 72, 28)
June 28th 2019, 02:11:54 [INFO] <chatterbox55> Hi everyone!
June 28th 2019, 02:11:55 [INFO] <chatterbox59> Hi everyone!
June 28th 2019, 02:11:55 [INFO] <chatterbox59> I have been forced to move to (22, 71, 13)
June 28th 2019, 02:11:55 [INFO] <chatterbox60> Hi everyone!
June 28th 2019, 02:11:55 [INFO] <chatterbox60> I have been forced to move to (29, 72, 2)
June 28th 2019, 02:11:55 [INFO] <chatterbox61> I have been forced to move to (20, 71, 15)
June 28th 2019, 02:11:55 [INFO] <chatterbox62> Hi everyone!
June 28th 2019, 02:11:55 [INFO] <chatterbox61> Hi everyone!
June 28th 2019, 02:11:55 [INFO] <chatterbox62> I have been forced to move to (23, 72, 22)
June 28th 2019, 02:11:55 [INFO] <chatterbox63> I have been forced to move to (22, 71, 19)
June 28th 2019, 02:11:55 [INFO] <chatterbox64> Hi everyone!
June 28th 2019, 02:11:55 [INFO] <chatterbox64> I have been forced to move to (12, 72, 23)
June 28th 2019, 02:11:55 [INFO] <chatterbox63> Hi everyone!
June 28th 2019, 02:11:55 [INFO] <chatterbox65> I have been forced to move to (14, 69, 6)
June 28th 2019, 02:11:55 [INFO] <chatterbox66> Hi everyone!
June 28th 2019, 02:11:55 [INFO] <chatterbox65> Hi everyone!
June 28th 2019, 02:11:55 [INFO] <chatterbox66> I have been forced to move to (13, 71, 19)
June 28th 2019, 02:11:55 [INFO] <chatterbox67> I have been forced to move to (29, 72, 11)
June 28th 2019, 02:11:55 [INFO] <chatterbox67> Hi everyone!
June 28th 2019, 02:11:55 [INFO] <chatterbox68> I have been forced to move to (10, 68, 6)
June 28th 2019, 02:11:55 [INFO] <chatterbox68> Hi everyone!
June 28th 2019, 02:11:55 [INFO] <chatterbox69> I have been forced to move to (2, 67, 5)
June 28th 2019, 02:11:55 [INFO] <chatterbox69> Hi everyone!
June 28th 2019, 02:11:55 [INFO] <chatterbox70> I have been forced to move to (0, 69, 11)
June 28th 2019, 02:11:55 [INFO] <chatterbox71> Hi everyone!
June 28th 2019, 02:11:55 [INFO] <chatterbox71> I have been forced to move to (9, 69, 5)
June 28th 2019, 02:11:55 [INFO] <chatterbox72> I have been forced to move to (22, 71, 7)
June 28th 2019, 02:11:55 [INFO] <chatterbox70> Hi everyone!
June 28th 2019, 02:11:55 [INFO] <chatterbox73> I have been forced to move to (7, 70, 11)
June 28th 2019, 02:11:55 [INFO] <chatterbox74> Hi everyone!
June 28th 2019, 02:11:55 [INFO] <chatterbox74> I have been forced to move to (24, 72, 10)
June 28th 2019, 02:11:55 [INFO] <chatterbox72> Hi everyone!
June 28th 2019, 02:11:55 [INFO] <chatterbox75> I have been forced to move to (3, 72, 26)
June 28th 2019, 02:11:55 [INFO] <chatterbox75> Hi everyone!
June 28th 2019, 02:11:55 [INFO] <chatterbox76> I have been forced to move to (6, 72, 22)
June 28th 2019, 02:11:55 [INFO] <chatterbox77> Hi everyone!
June 28th 2019, 02:11:55 [INFO] <chatterbox77> I have been forced to move to (18, 72, 28)
June 28th 2019, 02:11:55 [INFO] <chatterbox73> Hi everyone!
June 28th 2019, 02:11:55 [INFO] <chatterbox78> I have been forced to move to (1, 72, 26)
June 28th 2019, 02:11:55 [INFO] <chatterbox76> Hi everyone!
June 28th 2019, 02:11:55 [INFO] <chatterbox79> I have been forced to move to (11, 69, 10)
June 28th 2019, 02:11:55 [INFO] <chatterbox78> Hi everyone!
June 28th 2019, 02:11:55 [INFO] <chatterbox80> I have been forced to move to (7, 71, 15)
June 28th 2019, 02:11:55 [INFO] <chatterbox79> Hi everyone!
June 28th 2019, 02:11:56 [INFO] <chatterbox81> I have been forced to move to (5, 73, 27)
June 28th 2019, 02:11:56 [INFO] <chatterbox82> Hi everyone!
June 28th 2019, 02:11:56 [INFO] <chatterbox82> I have been forced to move to (10, 71, 15)
June 28th 2019, 02:11:56 [INFO] <chatterbox83> Hi everyone!
June 28th 2019, 02:11:56 [INFO] <chatterbox83> I have been forced to move to (6, 72, 22)
June 28th 2019, 02:11:56 [INFO] <chatterbox84> Hi everyone!
June 28th 2019, 02:11:56 [INFO] <chatterbox84> I have been forced to move to (26, 72, 29)
June 28th 2019, 02:11:55 [INFO] <chatterbox80> Hi everyone!
June 28th 2019, 02:11:56 [INFO] <chatterbox85> I have been forced to move to (14, 70, 12)
June 28th 2019, 02:11:56 [INFO] <chatterbox85> Hi everyone!
June 28th 2019, 02:11:56 [INFO] <chatterbox86> I have been forced to move to (27, 72, 6)
June 28th 2019, 02:11:56 [INFO] <chatterbox81> Hi everyone!
June 28th 2019, 02:11:56 [INFO] <chatterbox87> I have been forced to move to (9, 72, 28)
June 28th 2019, 02:11:56 [INFO] <chatterbox87> Hi everyone!
June 28th 2019, 02:11:56 [INFO] <chatterbox88> I have been forced to move to (7, 71, 18)
June 28th 2019, 02:11:56 [INFO] <chatterbox86> Hi everyone!
June 28th 2019, 02:11:56 [INFO] <chatterbox89> I have been forced to move to (24, 72, 7)
June 28th 2019, 02:11:56 [INFO] <chatterbox88> Hi everyone!
June 28th 2019, 02:11:56 [INFO] <chatterbox90> I have been forced to move to (4, 71, 21)
June 28th 2019, 02:11:56 [INFO] <chatterbox89> Hi everyone!
June 28th 2019, 02:11:56 [INFO] <chatterbox91> I have been forced to move to (9, 72, 24)
June 28th 2019, 02:11:56 [INFO] <chatterbox90> Hi everyone!
June 28th 2019, 02:11:56 [INFO] <chatterbox92> I have been forced to move to (4, 72, 23)
June 28th 2019, 02:11:56 [INFO] <chatterbox91> Hi everyone!
June 28th 2019, 02:11:56 [INFO] <chatterbox93> I have been forced to move to (17, 70, 8)
June 28th 2019, 02:11:56 [INFO] <chatterbox93> Hi everyone!
June 28th 2019, 02:11:56 [INFO] <chatterbox94> I have been forced to move to (25, 73, 5)
June 28th 2019, 02:11:56 [INFO] <chatterbox92> Hi everyone!
June 28th 2019, 02:11:56 [INFO] <chatterbox95> I have been forced to move to (10, 72, 29)
June 28th 2019, 02:11:56 [INFO] <chatterbox94> Hi everyone!
June 28th 2019, 02:11:56 [INFO] <chatterbox96> I have been forced to move to (3, 68, 8)
June 28th 2019, 02:11:56 [INFO] <chatterbox96> Hi everyone!
June 28th 2019, 02:11:56 [INFO] <chatterbox97> I have been forced to move to (29, 73, 16)
June 28th 2019, 02:11:56 [INFO] <chatterbox95> Hi everyone!
June 28th 2019, 02:11:56 [INFO] <chatterbox98> I have been forced to move to (28, 73, 18)
June 28th 2019, 02:11:56 [INFO] <chatterbox98> Hi everyone!
June 28th 2019, 02:11:56 [INFO] <chatterbox99> I have been forced to move to (21, 71, 1)
June 28th 2019, 02:11:57 [INFO]: devlogs disconnected
June 28th 2019, 02:11:56 [INFO] <chatterbox97> Hi everyone!
June 28th 2019, 02:11:56 [INFO] <chatterbox99> Hi everyone!
June 28th 2019, 02:11:57 [INFO]: chatterbox1 disconnected
June 28th 2019, 02:11:57 [INFO]: chatterbox2 disconnected
June 28th 2019, 02:11:57 [INFO]: chatterbox3 disconnected
June 28th 2019, 02:11:57 [INFO]: chatterbox5 disconnected
June 28th 2019, 02:11:57 [INFO]: chatterbox7 disconnected
June 28th 2019, 02:11:57 [INFO]: chatterbox6 disconnected
June 28th 2019, 02:11:57 [INFO]: chatterbox9 disconnected
June 28th 2019, 02:11:57 [INFO]: chatterbox4 disconnected
June 28th 2019, 02:11:57 [INFO]: chatterbox10 disconnected
June 28th 2019, 02:11:57 [INFO]: chatterbox11 disconnected
June 28th 2019, 02:11:57 [INFO]: chatterbox12 disconnected
June 28th 2019, 02:11:57 [INFO]: chatterbox14 disconnected
June 28th 2019, 02:11:57 [INFO]: chatterbox8 disconnected
June 28th 2019, 02:11:57 [INFO]: chatterbox15 disconnected
June 28th 2019, 02:11:57 [INFO]: chatterbox17 disconnected
June 28th 2019, 02:11:57 [INFO]: chatterbox13 disconnected
June 28th 2019, 02:11:57 [INFO]: chatterbox19 disconnected
June 28th 2019, 02:11:57 [INFO]: chatterbox18 disconnected
June 28th 2019, 02:11:57 [INFO]: chatterbox16 disconnected
June 28th 2019, 02:11:57 [INFO]: chatterbox22 disconnected
June 28th 2019, 02:11:57 [INFO]: chatterbox23 disconnected
June 28th 2019, 02:11:57 [INFO]: chatterbox20 disconnected
June 28th 2019, 02:11:57 [INFO]: chatterbox25 disconnected
June 28th 2019, 02:11:57 [INFO]: chatterbox21 disconnected
June 28th 2019, 02:11:57 [INFO]: chatterbox24 disconnected
June 28th 2019, 02:11:57 [INFO]: chatterbox26 disconnected
June 28th 2019, 02:11:57 [INFO]: chatterbox29 disconnected
June 28th 2019, 02:11:57 [INFO]: chatterbox30 disconnected
June 28th 2019, 02:11:57 [INFO]: chatterbox31 disconnected
June 28th 2019, 02:11:57 [INFO]: chatterbox27 disconnected
June 28th 2019, 02:11:57 [INFO]: chatterbox33 disconnected
June 28th 2019, 02:11:57 [INFO]: chatterbox28 disconnected
June 28th 2019, 02:11:57 [INFO]: chatterbox32 disconnected
June 28th 2019, 02:11:57 [INFO]: chatterbox34 disconnected
June 28th 2019, 02:11:57 [INFO]: chatterbox37 disconnected
June 28th 2019, 02:11:57 [INFO]: chatterbox38 disconnected
June 28th 2019, 02:11:57 [INFO]: chatterbox35 disconnected
June 28th 2019, 02:11:57 [INFO]: chatterbox36 disconnected
June 28th 2019, 02:11:57 [INFO]: chatterbox39 disconnected
June 28th 2019, 02:11:57 [INFO]: chatterbox40 disconnected
June 28th 2019, 02:11:57 [INFO]: chatterbox44 disconnected
June 28th 2019, 02:11:57 [INFO]: chatterbox41 disconnected
June 28th 2019, 02:11:57 [INFO]: chatterbox46 disconnected
June 28th 2019, 02:11:57 [INFO]: chatterbox47 disconnected
June 28th 2019, 02:11:57 [INFO]: chatterbox45 disconnected
June 28th 2019, 02:11:57 [INFO]: chatterbox49 disconnected
June 28th 2019, 02:11:57 [INFO]: chatterbox43 disconnected
June 28th 2019, 02:11:57 [INFO]: chatterbox52 disconnected
June 28th 2019, 02:11:57 [INFO]: chatterbox53 disconnected
June 28th 2019, 02:11:57 [INFO]: chatterbox54 disconnected
June 28th 2019, 02:11:57 [INFO]: chatterbox55 disconnected
June 28th 2019, 02:11:57 [INFO]: chatterbox56 disconnected
June 28th 2019, 02:11:57 [INFO]: chatterbox57 disconnected
June 28th 2019, 02:11:57 [INFO]: chatterbox58 disconnected
June 28th 2019, 02:11:57 [INFO]: chatterbox59 disconnected
June 28th 2019, 02:11:57 [INFO]: chatterbox60 disconnected
June 28th 2019, 02:11:57 [INFO]: chatterbox62 disconnected
June 28th 2019, 02:11:57 [INFO]: chatterbox0 disconnected
June 28th 2019, 02:11:57 [INFO]: chatterbox48 disconnected
June 28th 2019, 02:11:57 [INFO]: chatterbox51 disconnected
June 28th 2019, 02:11:58 [INFO]: chatterbox42 disconnected
June 28th 2019, 02:11:58 [INFO]: chatterbox79 disconnected
June 28th 2019, 02:11:58 [INFO]: chatterbox81 disconnected
June 28th 2019, 02:11:58 [INFO]: chatterbox77 disconnected
June 28th 2019, 02:11:58 [INFO]: chatterbox50 disconnected
June 28th 2019, 02:11:58 [INFO]: chatterbox61 disconnected
June 28th 2019, 02:11:58 [INFO]: chatterbox63 disconnected
June 28th 2019, 02:11:58 [INFO]: chatterbox66 disconnected
June 28th 2019, 02:11:58 [INFO]: chatterbox64 disconnected
June 28th 2019, 02:11:58 [INFO]: chatterbox72 disconnected
June 28th 2019, 02:11:58 [INFO]: chatterbox75 disconnected
June 28th 2019, 02:11:58 [INFO]: chatterbox80 disconnected
June 28th 2019, 02:11:58 [INFO]: chatterbox82 disconnected
June 28th 2019, 02:11:58 [INFO]: chatterbox69 disconnected
June 28th 2019, 02:11:58 [INFO]: chatterbox68 disconnected
June 28th 2019, 02:11:58 [INFO]: chatterbox73 disconnected
June 28th 2019, 02:11:58 [INFO]: chatterbox74 disconnected
June 28th 2019, 02:11:58 [INFO]: chatterbox65 disconnected
June 28th 2019, 02:11:58 [INFO]: chatterbox67 disconnected
June 28th 2019, 02:11:58 [INFO]: chatterbox78 disconnected
June 28th 2019, 02:11:58 [INFO]: chatterbox70 disconnected
June 28th 2019, 02:11:58 [INFO]: chatterbox76 disconnected
June 28th 2019, 02:11:58 [INFO]: chatterbox71 disconnected
June 28th 2019, 02:12:01 [INFO]: chatterbox97 disconnected
June 28th 2019, 02:12:01 [INFO]: chatterbox90 disconnected
June 28th 2019, 02:12:01 [INFO]: chatterbox91 disconnected
June 28th 2019, 02:12:01 [INFO]: chatterbox92 disconnected
June 28th 2019, 02:12:01 [INFO]: chatterbox96 disconnected
June 28th 2019, 02:12:01 [INFO]: chatterbox85 disconnected
June 28th 2019, 02:12:01 [INFO]: chatterbox83 disconnected
June 28th 2019, 02:12:01 [INFO]: chatterbox84 disconnected
June 28th 2019, 02:12:01 [INFO]: chatterbox89 disconnected
June 28th 2019, 02:12:01 [INFO]: chatterbox88 disconnected
June 28th 2019, 02:12:01 [INFO]: chatterbox87 disconnected
June 28th 2019, 02:12:01 [INFO]: chatterbox93 disconnected
June 28th 2019, 02:12:01 [INFO]: chatterbox95 disconnected
June 28th 2019, 02:12:01 [INFO]: chatterbox94 disconnected
June 28th 2019, 02:12:01 [INFO]: chatterbox86 disconnected
June 28th 2019, 02:12:05 [INFO]: chatterbox99 disconnected
June 28th 2019, 02:12:05 [INFO]: chatterbox98 disconnected
June 28th 2019, 02:13:29 [ERR]: Client undefined:undefined : Error: write ECONNABORTED
    at _errnoException (util.js:1022:11)
    at Socket._writeGeneric (net.js:780:25)
    at Socket._write (net.js:799:8)
    at doWrite (_stream_writable.js:397:12)
    at writeOrBuffer (_stream_writable.js:383:5)
    at Socket.Writable.write (_stream_writable.js:290:11)
    at Socket.write (net.js:717:40)
    at Framer.ondata (F:\coding\js\mc\node_modules\readable-stream\lib\_stream_readable.js:662:20)
    at emitOne (events.js:116:13)
    at Framer.emit (events.js:211:7)
    at addChunk (F:\coding\js\mc\node_modules\readable-stream\lib\_stream_readable.js:297:12)
    at readableAddChunk (F:\coding\js\mc\node_modules\readable-stream\lib\_stream_readable.js:279:11)
    at Framer.Readable.push (F:\coding\js\mc\node_modules\readable-stream\lib\_stream_readable.js:240:10)
    at Framer.Transform.push (F:\coding\js\mc\node_modules\readable-stream\lib\_stream_transform.js:139:32)
    at Framer._transform (F:\coding\js\mc\node_modules\minecraft-protocol\src\transforms\framing.js:20:10)
    at Framer.Transform._read (F:\coding\js\mc\node_modules\readable-stream\lib\_stream_transform.js:177:10)
    at Framer.Transform._write (F:\coding\js\mc\node_modules\readable-stream\lib\_stream_transform.js:164:83)
    at doWrite (F:\coding\js\mc\node_modules\readable-stream\lib\_stream_writable.js:405:139)
    at writeOrBuffer (F:\coding\js\mc\node_modules\readable-stream\lib\_stream_writable.js:394:5)
    at Framer.Writable.write (F:\coding\js\mc\node_modules\readable-stream\lib\_stream_writable.js:303:11)
    at Compressor.ondata (F:\coding\js\mc\node_modules\readable-stream\lib\_stream_readable.js:662:20)
    at emitOne (events.js:116:13)
June 28th 2019, 02:13:30 [INFO]: devlogs (undefined) connected
June 28th 2019, 02:13:30 [INFO]: position written, player spawning...
June 28th 2019, 02:13:39 [INFO]: position written, player spawning...
June 28th 2019, 02:13:39 [INFO]: devlogs (127.0.0.1) connected
