[INFO]: Started logging...
June 28th 2019, 06:51:17 seed: 997345894
June 28th 2019, 06:51:23 [INFO]: devlogs (127.0.0.1) connected
June 28th 2019, 06:51:23 [INFO]: position written, player spawning...
June 28th 2019, 06:51:33 [INFO]: devlogs disconnected
June 28th 2019, 06:51:41 [INFO]: devlogs (127.0.0.1) connected
June 28th 2019, 06:51:41 [INFO]: position written, player spawning...
June 28th 2019, 06:51:47 [INFO] <devlogs> asd
June 28th 2019, 06:51:52 [INFO]: IX (127.0.0.1) connected
June 28th 2019, 06:51:52 [INFO]: position written, player spawning...
June 28th 2019, 06:52:03 [INFO] <devlogs> asd
June 28th 2019, 06:52:06 [INFO] <devlogs> !ping
June 28th 2019, 06:52:08 [INFO] <IX> Pong.
June 28th 2019, 06:52:11 [INFO] <devlogs> !ping
June 28th 2019, 06:52:11 [INFO] <IX> Pong.
June 28th 2019, 06:52:12 [INFO] <devlogs> !ping
June 28th 2019, 06:52:12 [INFO] <IX> Pong.
June 28th 2019, 06:52:12 [INFO] <devlogs> !ping
June 28th 2019, 06:52:12 [INFO] <IX> Pong.
June 28th 2019, 06:52:12 [INFO] <devlogs> !ping
June 28th 2019, 06:52:13 [INFO] <IX> Pong.
June 28th 2019, 06:52:13 [INFO] <devlogs> !ping
June 28th 2019, 06:52:13 [INFO] <IX> Pong.
June 28th 2019, 06:52:13 [INFO] <devlogs> !ping
June 28th 2019, 06:52:13 [INFO] <IX> Pong.
June 28th 2019, 06:52:13 [INFO] <devlogs> !ping
June 28th 2019, 06:52:13 [INFO] <IX> Pong.
June 28th 2019, 06:52:13 [INFO] <devlogs> !ping
June 28th 2019, 06:52:13 [INFO] <IX> Pong.
June 28th 2019, 06:52:13 [INFO] <devlogs> !ping
June 28th 2019, 06:52:14 [INFO] <IX> Pong.
June 28th 2019, 06:52:14 [INFO] <devlogs> !ping
June 28th 2019, 06:52:14 [INFO] <IX> Pong.
June 28th 2019, 06:52:14 [INFO] <devlogs> !pingt
June 28th 2019, 06:52:14 [INFO] <devlogs> !pingt
June 28th 2019, 06:52:15 [INFO] <devlogs> !pingt
June 28th 2019, 06:52:15 [INFO] <devlogs> !pingt
June 28th 2019, 06:52:15 [INFO] <devlogs> !pingt
June 28th 2019, 06:52:16 [INFO] <devlogs> !pingt
June 28th 2019, 06:52:17 [INFO] <devlogs> !ping
June 28th 2019, 06:52:17 [INFO] <IX> Pong.
June 28th 2019, 06:52:17 [INFO] <devlogs> !ping
June 28th 2019, 06:52:17 [INFO] <IX> Pong.
June 28th 2019, 06:52:18 [INFO] <devlogs> !ping
June 28th 2019, 06:52:18 [INFO] <IX> Pong.
June 28th 2019, 06:52:18 [INFO] <devlogs> !ping
June 28th 2019, 06:52:18 [INFO] <IX> Pong.
June 28th 2019, 06:52:18 [INFO] <devlogs> !ping
June 28th 2019, 06:52:18 [INFO] <IX> Pong.
June 28th 2019, 06:52:18 [INFO] <devlogs> !ping
June 28th 2019, 06:52:18 [INFO] <IX> Pong.
June 28th 2019, 06:52:19 [INFO] <devlogs> !ping
June 28th 2019, 06:52:19 [INFO] <IX> Pong.
June 28th 2019, 06:52:19 [INFO] <devlogs> !ping
June 28th 2019, 06:52:19 [INFO] <IX> Pong.
June 28th 2019, 06:52:19 [INFO] <devlogs> !ping
June 28th 2019, 06:52:19 [INFO] <IX> Pong.
June 28th 2019, 06:52:19 [INFO] <devlogs> !ping
June 28th 2019, 06:52:19 [INFO] <IX> Pong.
June 28th 2019, 06:52:19 [INFO] <devlogs> !ping
June 28th 2019, 06:52:20 [INFO] <IX> Pong.
June 28th 2019, 06:52:20 [INFO] <devlogs> !ping
June 28th 2019, 06:52:20 [INFO] <IX> Pong.
June 28th 2019, 06:52:20 [INFO] <devlogs> !ping
June 28th 2019, 06:52:20 [INFO] <IX> Pong.
June 28th 2019, 06:52:20 [INFO] <devlogs> !ping
June 28th 2019, 06:52:20 [INFO] <IX> Pong.
June 28th 2019, 06:52:20 [INFO] <devlogs> !ping
June 28th 2019, 06:52:20 [INFO] <IX> Pong.
June 28th 2019, 06:52:21 [INFO] <devlogs> !ping
June 28th 2019, 06:52:21 [INFO] <IX> Pong.
June 28th 2019, 06:52:21 [INFO] <devlogs> !ping
June 28th 2019, 06:52:21 [INFO] <IX> Pong.
June 28th 2019, 06:52:21 [INFO] <devlogs> !ping
June 28th 2019, 06:52:21 [INFO] <IX> Pong.
June 28th 2019, 06:52:21 [INFO] <devlogs> !ping
June 28th 2019, 06:52:21 [INFO] <IX> Pong.
June 28th 2019, 06:52:22 [INFO] <devlogs> !ping
June 28th 2019, 06:52:22 [INFO] <IX> Pong.
June 28th 2019, 06:52:22 [INFO] <devlogs> !ping
June 28th 2019, 06:52:22 [INFO] <IX> Pong.
June 28th 2019, 06:52:23 [INFO] <devlogs> !ping
June 28th 2019, 06:52:23 [INFO] <IX> Pong.
June 28th 2019, 06:52:23 [INFO] <devlogs> !ping
June 28th 2019, 06:52:23 [INFO] <IX> Pong.
June 28th 2019, 06:52:23 [INFO] <devlogs> !ping
June 28th 2019, 06:52:23 [INFO] <IX> Pong.
June 28th 2019, 06:52:24 [INFO] <devlogs> !ping
June 28th 2019, 06:52:24 [INFO] <IX> Pong.
June 28th 2019, 06:52:24 [INFO] <devlogs> !ping
June 28th 2019, 06:52:24 [INFO] <IX> Pong.
June 28th 2019, 06:52:24 [INFO] <devlogs> !ping
June 28th 2019, 06:52:24 [INFO] <IX> Pong.
June 28th 2019, 06:52:24 [INFO] <devlogs> !ping
June 28th 2019, 06:52:24 [INFO] <IX> Pong.
June 28th 2019, 06:52:24 [INFO] <devlogs> !ping
June 28th 2019, 06:52:25 [INFO] <IX> Pong.
June 28th 2019, 06:52:25 [INFO] <devlogs> !pingt
June 28th 2019, 06:52:26 [INFO] <devlogs> !pingt
June 28th 2019, 06:52:26 [INFO] <devlogs> !pingt
June 28th 2019, 06:52:26 [INFO] <devlogs> !pingt
June 28th 2019, 06:52:27 [INFO] <devlogs> !pingt
June 28th 2019, 06:52:27 [INFO] <devlogs> !pingt
June 28th 2019, 06:52:27 [INFO] <devlogs> !pingt
June 28th 2019, 06:52:27 [INFO] <devlogs> !pingt
June 28th 2019, 06:52:28 [INFO] <devlogs> !pingt
June 28th 2019, 06:52:28 [INFO] <devlogs> !pingt
June 28th 2019, 06:52:28 [INFO] <devlogs> !pingt
June 28th 2019, 06:56:02 [INFO] <devlogs> !ping
June 28th 2019, 06:56:03 [INFO] <IX> Pong.
June 28th 2019, 07:14:55 [ERR]: Server: AssertionError [ERR_ASSERTION]: unimplemented
    at InventoryWindow.Window.acceptOutsideWindowClick (F:\coding\js\mc\node_modules\prismarine-windows\lib\windows.js:103:10)
    at InventoryWindow.Window.acceptClick (F:\coding\js\mc\node_modules\prismarine-windows\lib\windows.js:94:10)
    at Client.<anonymous> (F:\coding\js\mc\node_modules\flying-squid\src\lib\plugins\inventory.js:140:24)
    at emitTwo (events.js:126:13)
    at Client.emit (events.js:214:7)
    at FullPacketParser.deserializer.on (F:\coding\js\mc\node_modules\minecraft-protocol\src\client.js:82:12)
    at emitOne (events.js:116:13)
    at FullPacketParser.emit (events.js:211:7)
    at addChunk (F:\coding\js\mc\node_modules\readable-stream\lib\_stream_readable.js:297:12)
    at readableAddChunk (F:\coding\js\mc\node_modules\readable-stream\lib\_stream_readable.js:279:11)
    at FullPacketParser.Readable.push (F:\coding\js\mc\node_modules\readable-stream\lib\_stream_readable.js:240:10)
    at FullPacketParser.Transform.push (F:\coding\js\mc\node_modules\readable-stream\lib\_stream_transform.js:139:32)
    at FullPacketParser._transform (F:\coding\js\mc\node_modules\protodef\src\serializer.js:81:10)
    at FullPacketParser.Transform._read (F:\coding\js\mc\node_modules\readable-stream\lib\_stream_transform.js:177:10)
    at FullPacketParser.Transform._write (F:\coding\js\mc\node_modules\readable-stream\lib\_stream_transform.js:164:83)
    at doWrite (F:\coding\js\mc\node_modules\readable-stream\lib\_stream_writable.js:405:139)
    at writeOrBuffer (F:\coding\js\mc\node_modules\readable-stream\lib\_stream_writable.js:394:5)
    at FullPacketParser.Writable.write (F:\coding\js\mc\node_modules\readable-stream\lib\_stream_writable.js:303:11)
    at Decompressor.ondata (F:\coding\js\mc\node_modules\readable-stream\lib\_stream_readable.js:662:20)
    at emitOne (events.js:116:13)
    at Decompressor.emit (events.js:211:7)
    at addChunk (F:\coding\js\mc\node_modules\readable-stream\lib\_stream_readable.js:297:12)
June 28th 2019, 07:15:03 [INFO] <devlogs> !ping
June 28th 2019, 07:15:03 [INFO] <IX> Pong.
June 28th 2019, 07:15:03 [INFO]: devlogs disconnected
June 28th 2019, 07:16:05 [ERR]: Client 127.0.0.1:54116 : Error: Deserialization error for handshaking.toServer : Read error for name : 69 is not in the mappings value
    at ProtoDef.readMapper (F:\coding\js\mc\node_modules\protodef\src\datatypes\utils.js:30:34)
    at ProtoDef.read (F:\coding\js\mc\node_modules\protodef\src\protodef.js:110:29)
    at tryDoc (F:\coding\js\mc\node_modules\protodef\src\datatypes\structures.js:45:32)
    at tryCatch (F:\coding\js\mc\node_modules\protodef\src\utils.js:50:16)
    at tryDoc (F:\coding\js\mc\node_modules\protodef\src\utils.js:54:10)
    at typeArgs.forEach (F:\coding\js\mc\node_modules\protodef\src\datatypes\structures.js:44:5)
    at Array.forEach (<anonymous>)
    at ProtoDef.readContainer (F:\coding\js\mc\node_modules\protodef\src\datatypes\structures.js:43:12)
    at ProtoDef.read (F:\coding\js\mc\node_modules\protodef\src\protodef.js:36:25)
    at ProtoDef.read (F:\coding\js\mc\node_modules\protodef\src\protodef.js:110:29)
    at tryCatch (F:\coding\js\mc\node_modules\protodef\src\protodef.js:149:49)
    at tryCatch (F:\coding\js\mc\node_modules\protodef\src\utils.js:50:16)
    at ProtoDef.parsePacketBuffer (F:\coding\js\mc\node_modules\protodef\src\protodef.js:149:29)
    at FullPacketParser.parsePacketBuffer (F:\coding\js\mc\node_modules\protodef\src\serializer.js:67:23)
    at FullPacketParser._transform (F:\coding\js\mc\node_modules\protodef\src\serializer.js:73:21)
    at FullPacketParser.Transform._read (F:\coding\js\mc\node_modules\readable-stream\lib\_stream_transform.js:177:10)
    at FullPacketParser.Transform._write (F:\coding\js\mc\node_modules\readable-stream\lib\_stream_transform.js:164:83)
    at doWrite (F:\coding\js\mc\node_modules\readable-stream\lib\_stream_writable.js:405:139)
    at writeOrBuffer (F:\coding\js\mc\node_modules\readable-stream\lib\_stream_writable.js:394:5)
    at FullPacketParser.Writable.write (F:\coding\js\mc\node_modules\readable-stream\lib\_stream_writable.js:303:11)
    at Splitter.ondata (F:\coding\js\mc\node_modules\readable-stream\lib\_stream_readable.js:662:20)
    at emitOne (events.js:116:13)
June 28th 2019, 07:16:05 [ERR]: Client 127.0.0.1:54116 : Error: Deserialization error for handshaking.toServer : Read error for name : 100 is not in the mappings value
    at ProtoDef.readMapper (F:\coding\js\mc\node_modules\protodef\src\datatypes\utils.js:30:34)
    at ProtoDef.read (F:\coding\js\mc\node_modules\protodef\src\protodef.js:110:29)
    at tryDoc (F:\coding\js\mc\node_modules\protodef\src\datatypes\structures.js:45:32)
    at tryCatch (F:\coding\js\mc\node_modules\protodef\src\utils.js:50:16)
    at tryDoc (F:\coding\js\mc\node_modules\protodef\src\utils.js:54:10)
    at typeArgs.forEach (F:\coding\js\mc\node_modules\protodef\src\datatypes\structures.js:44:5)
    at Array.forEach (<anonymous>)
    at ProtoDef.readContainer (F:\coding\js\mc\node_modules\protodef\src\datatypes\structures.js:43:12)
    at ProtoDef.read (F:\coding\js\mc\node_modules\protodef\src\protodef.js:36:25)
    at ProtoDef.read (F:\coding\js\mc\node_modules\protodef\src\protodef.js:110:29)
    at tryCatch (F:\coding\js\mc\node_modules\protodef\src\protodef.js:149:49)
    at tryCatch (F:\coding\js\mc\node_modules\protodef\src\utils.js:50:16)
    at ProtoDef.parsePacketBuffer (F:\coding\js\mc\node_modules\protodef\src\protodef.js:149:29)
    at FullPacketParser.parsePacketBuffer (F:\coding\js\mc\node_modules\protodef\src\serializer.js:67:23)
    at FullPacketParser._transform (F:\coding\js\mc\node_modules\protodef\src\serializer.js:73:21)
    at FullPacketParser.Transform._read (F:\coding\js\mc\node_modules\readable-stream\lib\_stream_transform.js:177:10)
    at FullPacketParser.Transform._write (F:\coding\js\mc\node_modules\readable-stream\lib\_stream_transform.js:164:83)
    at doWrite (F:\coding\js\mc\node_modules\readable-stream\lib\_stream_writable.js:405:139)
    at writeOrBuffer (F:\coding\js\mc\node_modules\readable-stream\lib\_stream_writable.js:394:5)
    at FullPacketParser.Writable.write (F:\coding\js\mc\node_modules\readable-stream\lib\_stream_writable.js:303:11)
    at Splitter.ondata (F:\coding\js\mc\node_modules\readable-stream\lib\_stream_readable.js:662:20)
    at emitOne (events.js:116:13)
June 28th 2019, 07:16:05 [ERR]: Client 127.0.0.1:54116 : Error: Deserialization error for handshaking.toServer : Read error for name : 40 is not in the mappings value
    at ProtoDef.readMapper (F:\coding\js\mc\node_modules\protodef\src\datatypes\utils.js:30:34)
    at ProtoDef.read (F:\coding\js\mc\node_modules\protodef\src\protodef.js:110:29)
    at tryDoc (F:\coding\js\mc\node_modules\protodef\src\datatypes\structures.js:45:32)
    at tryCatch (F:\coding\js\mc\node_modules\protodef\src\utils.js:50:16)
    at tryDoc (F:\coding\js\mc\node_modules\protodef\src\utils.js:54:10)
    at typeArgs.forEach (F:\coding\js\mc\node_modules\protodef\src\datatypes\structures.js:44:5)
    at Array.forEach (<anonymous>)
    at ProtoDef.readContainer (F:\coding\js\mc\node_modules\protodef\src\datatypes\structures.js:43:12)
    at ProtoDef.read (F:\coding\js\mc\node_modules\protodef\src\protodef.js:36:25)
    at ProtoDef.read (F:\coding\js\mc\node_modules\protodef\src\protodef.js:110:29)
    at tryCatch (F:\coding\js\mc\node_modules\protodef\src\protodef.js:149:49)
    at tryCatch (F:\coding\js\mc\node_modules\protodef\src\utils.js:50:16)
    at ProtoDef.parsePacketBuffer (F:\coding\js\mc\node_modules\protodef\src\protodef.js:149:29)
    at FullPacketParser.parsePacketBuffer (F:\coding\js\mc\node_modules\protodef\src\serializer.js:67:23)
    at FullPacketParser._transform (F:\coding\js\mc\node_modules\protodef\src\serializer.js:73:21)
    at FullPacketParser.Transform._read (F:\coding\js\mc\node_modules\readable-stream\lib\_stream_transform.js:177:10)
    at FullPacketParser.Transform._write (F:\coding\js\mc\node_modules\readable-stream\lib\_stream_transform.js:164:83)
    at doWrite (F:\coding\js\mc\node_modules\readable-stream\lib\_stream_writable.js:405:139)
    at writeOrBuffer (F:\coding\js\mc\node_modules\readable-stream\lib\_stream_writable.js:394:5)
    at FullPacketParser.Writable.write (F:\coding\js\mc\node_modules\readable-stream\lib\_stream_writable.js:303:11)
    at Splitter.ondata (F:\coding\js\mc\node_modules\readable-stream\lib\_stream_readable.js:662:20)
    at emitOne (events.js:116:13)
June 28th 2019, 07:16:05 [ERR]: Client 127.0.0.1:54116 : Error: Deserialization error for handshaking.toServer : Read error for name : 47 is not in the mappings value
    at ProtoDef.readMapper (F:\coding\js\mc\node_modules\protodef\src\datatypes\utils.js:30:34)
    at ProtoDef.read (F:\coding\js\mc\node_modules\protodef\src\protodef.js:110:29)
    at tryDoc (F:\coding\js\mc\node_modules\protodef\src\datatypes\structures.js:45:32)
    at tryCatch (F:\coding\js\mc\node_modules\protodef\src\utils.js:50:16)
    at tryDoc (F:\coding\js\mc\node_modules\protodef\src\utils.js:54:10)
    at typeArgs.forEach (F:\coding\js\mc\node_modules\protodef\src\datatypes\structures.js:44:5)
    at Array.forEach (<anonymous>)
    at ProtoDef.readContainer (F:\coding\js\mc\node_modules\protodef\src\datatypes\structures.js:43:12)
    at ProtoDef.read (F:\coding\js\mc\node_modules\protodef\src\protodef.js:36:25)
    at ProtoDef.read (F:\coding\js\mc\node_modules\protodef\src\protodef.js:110:29)
    at tryCatch (F:\coding\js\mc\node_modules\protodef\src\protodef.js:149:49)
    at tryCatch (F:\coding\js\mc\node_modules\protodef\src\utils.js:50:16)
    at ProtoDef.parsePacketBuffer (F:\coding\js\mc\node_modules\protodef\src\protodef.js:149:29)
    at FullPacketParser.parsePacketBuffer (F:\coding\js\mc\node_modules\protodef\src\serializer.js:67:23)
    at FullPacketParser._transform (F:\coding\js\mc\node_modules\protodef\src\serializer.js:73:21)
    at FullPacketParser.Transform._read (F:\coding\js\mc\node_modules\readable-stream\lib\_stream_transform.js:177:10)
    at FullPacketParser.Transform._write (F:\coding\js\mc\node_modules\readable-stream\lib\_stream_transform.js:164:83)
    at doWrite (F:\coding\js\mc\node_modules\readable-stream\lib\_stream_writable.js:405:139)
    at writeOrBuffer (F:\coding\js\mc\node_modules\readable-stream\lib\_stream_writable.js:394:5)
    at FullPacketParser.Writable.write (F:\coding\js\mc\node_modules\readable-stream\lib\_stream_writable.js:303:11)
    at Splitter.ondata (F:\coding\js\mc\node_modules\readable-stream\lib\_stream_readable.js:662:20)
    at emitOne (events.js:116:13)
June 28th 2019, 07:16:05 [ERR]: Client 127.0.0.1:54116 : Error: Deserialization error for handshaking.toServer : Read error for name : 55 is not in the mappings value
    at ProtoDef.readMapper (F:\coding\js\mc\node_modules\protodef\src\datatypes\utils.js:30:34)
    at ProtoDef.read (F:\coding\js\mc\node_modules\protodef\src\protodef.js:110:29)
    at tryDoc (F:\coding\js\mc\node_modules\protodef\src\datatypes\structures.js:45:32)
    at tryCatch (F:\coding\js\mc\node_modules\protodef\src\utils.js:50:16)
    at tryDoc (F:\coding\js\mc\node_modules\protodef\src\utils.js:54:10)
    at typeArgs.forEach (F:\coding\js\mc\node_modules\protodef\src\datatypes\structures.js:44:5)
    at Array.forEach (<anonymous>)
    at ProtoDef.readContainer (F:\coding\js\mc\node_modules\protodef\src\datatypes\structures.js:43:12)
    at ProtoDef.read (F:\coding\js\mc\node_modules\protodef\src\protodef.js:36:25)
    at ProtoDef.read (F:\coding\js\mc\node_modules\protodef\src\protodef.js:110:29)
    at tryCatch (F:\coding\js\mc\node_modules\protodef\src\protodef.js:149:49)
    at tryCatch (F:\coding\js\mc\node_modules\protodef\src\utils.js:50:16)
    at ProtoDef.parsePacketBuffer (F:\coding\js\mc\node_modules\protodef\src\protodef.js:149:29)
    at FullPacketParser.parsePacketBuffer (F:\coding\js\mc\node_modules\protodef\src\serializer.js:67:23)
    at FullPacketParser._transform (F:\coding\js\mc\node_modules\protodef\src\serializer.js:73:21)
    at FullPacketParser.Transform._read (F:\coding\js\mc\node_modules\readable-stream\lib\_stream_transform.js:177:10)
    at FullPacketParser.Transform._write (F:\coding\js\mc\node_modules\readable-stream\lib\_stream_transform.js:164:83)
    at doWrite (F:\coding\js\mc\node_modules\readable-stream\lib\_stream_writable.js:405:139)
    at writeOrBuffer (F:\coding\js\mc\node_modules\readable-stream\lib\_stream_writable.js:394:5)
    at FullPacketParser.Writable.write (F:\coding\js\mc\node_modules\readable-stream\lib\_stream_writable.js:303:11)
    at Splitter.ondata (F:\coding\js\mc\node_modules\readable-stream\lib\_stream_readable.js:662:20)
    at emitOne (events.js:116:13)
June 28th 2019, 07:16:05 [ERR]: Client 127.0.0.1:54117 : Error: Deserialization error for handshaking.toServer : Read error for name : 69 is not in the mappings value
    at ProtoDef.readMapper (F:\coding\js\mc\node_modules\protodef\src\datatypes\utils.js:30:34)
    at ProtoDef.read (F:\coding\js\mc\node_modules\protodef\src\protodef.js:110:29)
    at tryDoc (F:\coding\js\mc\node_modules\protodef\src\datatypes\structures.js:45:32)
    at tryCatch (F:\coding\js\mc\node_modules\protodef\src\utils.js:50:16)
    at tryDoc (F:\coding\js\mc\node_modules\protodef\src\utils.js:54:10)
    at typeArgs.forEach (F:\coding\js\mc\node_modules\protodef\src\datatypes\structures.js:44:5)
    at Array.forEach (<anonymous>)
    at ProtoDef.readContainer (F:\coding\js\mc\node_modules\protodef\src\datatypes\structures.js:43:12)
    at ProtoDef.read (F:\coding\js\mc\node_modules\protodef\src\protodef.js:36:25)
    at ProtoDef.read (F:\coding\js\mc\node_modules\protodef\src\protodef.js:110:29)
    at tryCatch (F:\coding\js\mc\node_modules\protodef\src\protodef.js:149:49)
    at tryCatch (F:\coding\js\mc\node_modules\protodef\src\utils.js:50:16)
    at ProtoDef.parsePacketBuffer (F:\coding\js\mc\node_modules\protodef\src\protodef.js:149:29)
    at FullPacketParser.parsePacketBuffer (F:\coding\js\mc\node_modules\protodef\src\serializer.js:67:23)
    at FullPacketParser._transform (F:\coding\js\mc\node_modules\protodef\src\serializer.js:73:21)
    at FullPacketParser.Transform._read (F:\coding\js\mc\node_modules\readable-stream\lib\_stream_transform.js:177:10)
    at FullPacketParser.Transform._write (F:\coding\js\mc\node_modules\readable-stream\lib\_stream_transform.js:164:83)
    at doWrite (F:\coding\js\mc\node_modules\readable-stream\lib\_stream_writable.js:405:139)
    at writeOrBuffer (F:\coding\js\mc\node_modules\readable-stream\lib\_stream_writable.js:394:5)
    at FullPacketParser.Writable.write (F:\coding\js\mc\node_modules\readable-stream\lib\_stream_writable.js:303:11)
    at Splitter.ondata (F:\coding\js\mc\node_modules\readable-stream\lib\_stream_readable.js:662:20)
    at emitOne (events.js:116:13)
June 28th 2019, 07:16:05 [ERR]: Client 127.0.0.1:54117 : Error: Deserialization error for handshaking.toServer : Read error for name : 45 is not in the mappings value
    at ProtoDef.readMapper (F:\coding\js\mc\node_modules\protodef\src\datatypes\utils.js:30:34)
    at ProtoDef.read (F:\coding\js\mc\node_modules\protodef\src\protodef.js:110:29)
    at tryDoc (F:\coding\js\mc\node_modules\protodef\src\datatypes\structures.js:45:32)
    at tryCatch (F:\coding\js\mc\node_modules\protodef\src\utils.js:50:16)
    at tryDoc (F:\coding\js\mc\node_modules\protodef\src\utils.js:54:10)
    at typeArgs.forEach (F:\coding\js\mc\node_modules\protodef\src\datatypes\structures.js:44:5)
    at Array.forEach (<anonymous>)
    at ProtoDef.readContainer (F:\coding\js\mc\node_modules\protodef\src\datatypes\structures.js:43:12)
    at ProtoDef.read (F:\coding\js\mc\node_modules\protodef\src\protodef.js:36:25)
    at ProtoDef.read (F:\coding\js\mc\node_modules\protodef\src\protodef.js:110:29)
    at tryCatch (F:\coding\js\mc\node_modules\protodef\src\protodef.js:149:49)
    at tryCatch (F:\coding\js\mc\node_modules\protodef\src\utils.js:50:16)
    at ProtoDef.parsePacketBuffer (F:\coding\js\mc\node_modules\protodef\src\protodef.js:149:29)
    at FullPacketParser.parsePacketBuffer (F:\coding\js\mc\node_modules\protodef\src\serializer.js:67:23)
    at FullPacketParser._transform (F:\coding\js\mc\node_modules\protodef\src\serializer.js:73:21)
    at FullPacketParser.Transform._read (F:\coding\js\mc\node_modules\readable-stream\lib\_stream_transform.js:177:10)
    at FullPacketParser.Transform._write (F:\coding\js\mc\node_modules\readable-stream\lib\_stream_transform.js:164:83)
    at doWrite (F:\coding\js\mc\node_modules\readable-stream\lib\_stream_writable.js:405:139)
    at writeOrBuffer (F:\coding\js\mc\node_modules\readable-stream\lib\_stream_writable.js:394:5)
    at FullPacketParser.Writable.write (F:\coding\js\mc\node_modules\readable-stream\lib\_stream_writable.js:303:11)
    at Splitter.ondata (F:\coding\js\mc\node_modules\readable-stream\lib\_stream_readable.js:662:20)
    at emitOne (events.js:116:13)
June 28th 2019, 07:16:05 [ERR]: Client 127.0.0.1:54117 : Error: Deserialization error for handshaking.toServer : Read error for name : 47 is not in the mappings value
    at ProtoDef.readMapper (F:\coding\js\mc\node_modules\protodef\src\datatypes\utils.js:30:34)
    at ProtoDef.read (F:\coding\js\mc\node_modules\protodef\src\protodef.js:110:29)
    at tryDoc (F:\coding\js\mc\node_modules\protodef\src\datatypes\structures.js:45:32)
    at tryCatch (F:\coding\js\mc\node_modules\protodef\src\utils.js:50:16)
    at tryDoc (F:\coding\js\mc\node_modules\protodef\src\utils.js:54:10)
    at typeArgs.forEach (F:\coding\js\mc\node_modules\protodef\src\datatypes\structures.js:44:5)
    at Array.forEach (<anonymous>)
    at ProtoDef.readContainer (F:\coding\js\mc\node_modules\protodef\src\datatypes\structures.js:43:12)
    at ProtoDef.read (F:\coding\js\mc\node_modules\protodef\src\protodef.js:36:25)
    at ProtoDef.read (F:\coding\js\mc\node_modules\protodef\src\protodef.js:110:29)
    at tryCatch (F:\coding\js\mc\node_modules\protodef\src\protodef.js:149:49)
    at tryCatch (F:\coding\js\mc\node_modules\protodef\src\utils.js:50:16)
    at ProtoDef.parsePacketBuffer (F:\coding\js\mc\node_modules\protodef\src\protodef.js:149:29)
    at FullPacketParser.parsePacketBuffer (F:\coding\js\mc\node_modules\protodef\src\serializer.js:67:23)
    at FullPacketParser._transform (F:\coding\js\mc\node_modules\protodef\src\serializer.js:73:21)
    at FullPacketParser.Transform._read (F:\coding\js\mc\node_modules\readable-stream\lib\_stream_transform.js:177:10)
    at FullPacketParser.Transform._write (F:\coding\js\mc\node_modules\readable-stream\lib\_stream_transform.js:164:83)
    at doWrite (F:\coding\js\mc\node_modules\readable-stream\lib\_stream_writable.js:405:139)
    at writeOrBuffer (F:\coding\js\mc\node_modules\readable-stream\lib\_stream_writable.js:394:5)
    at FullPacketParser.Writable.write (F:\coding\js\mc\node_modules\readable-stream\lib\_stream_writable.js:303:11)
    at Splitter.ondata (F:\coding\js\mc\node_modules\readable-stream\lib\_stream_readable.js:662:20)
    at emitOne (events.js:116:13)
June 28th 2019, 07:16:05 [ERR]: Client 127.0.0.1:54117 : Error: Deserialization error for handshaking.toServer : Read error for name : 52 is not in the mappings value
    at ProtoDef.readMapper (F:\coding\js\mc\node_modules\protodef\src\datatypes\utils.js:30:34)
    at ProtoDef.read (F:\coding\js\mc\node_modules\protodef\src\protodef.js:110:29)
    at tryDoc (F:\coding\js\mc\node_modules\protodef\src\datatypes\structures.js:45:32)
    at tryCatch (F:\coding\js\mc\node_modules\protodef\src\utils.js:50:16)
    at tryDoc (F:\coding\js\mc\node_modules\protodef\src\utils.js:54:10)
    at typeArgs.forEach (F:\coding\js\mc\node_modules\protodef\src\datatypes\structures.js:44:5)
    at Array.forEach (<anonymous>)
    at ProtoDef.readContainer (F:\coding\js\mc\node_modules\protodef\src\datatypes\structures.js:43:12)
    at ProtoDef.read (F:\coding\js\mc\node_modules\protodef\src\protodef.js:36:25)
    at ProtoDef.read (F:\coding\js\mc\node_modules\protodef\src\protodef.js:110:29)
    at tryCatch (F:\coding\js\mc\node_modules\protodef\src\protodef.js:149:49)
    at tryCatch (F:\coding\js\mc\node_modules\protodef\src\utils.js:50:16)
    at ProtoDef.parsePacketBuffer (F:\coding\js\mc\node_modules\protodef\src\protodef.js:149:29)
    at FullPacketParser.parsePacketBuffer (F:\coding\js\mc\node_modules\protodef\src\serializer.js:67:23)
    at FullPacketParser._transform (F:\coding\js\mc\node_modules\protodef\src\serializer.js:73:21)
    at FullPacketParser.Transform._read (F:\coding\js\mc\node_modules\readable-stream\lib\_stream_transform.js:177:10)
    at FullPacketParser.Transform._write (F:\coding\js\mc\node_modules\readable-stream\lib\_stream_transform.js:164:83)
    at doWrite (F:\coding\js\mc\node_modules\readable-stream\lib\_stream_writable.js:405:139)
    at writeOrBuffer (F:\coding\js\mc\node_modules\readable-stream\lib\_stream_writable.js:394:5)
    at FullPacketParser.Writable.write (F:\coding\js\mc\node_modules\readable-stream\lib\_stream_writable.js:303:11)
    at Splitter.ondata (F:\coding\js\mc\node_modules\readable-stream\lib\_stream_readable.js:662:20)
    at emitOne (events.js:116:13)
June 28th 2019, 07:16:05 [ERR]: Client 127.0.0.1:54117 : Error: Deserialization error for handshaking.toServer : Read error for name : 55 is not in the mappings value
    at ProtoDef.readMapper (F:\coding\js\mc\node_modules\protodef\src\datatypes\utils.js:30:34)
    at ProtoDef.read (F:\coding\js\mc\node_modules\protodef\src\protodef.js:110:29)
    at tryDoc (F:\coding\js\mc\node_modules\protodef\src\datatypes\structures.js:45:32)
    at tryCatch (F:\coding\js\mc\node_modules\protodef\src\utils.js:50:16)
    at tryDoc (F:\coding\js\mc\node_modules\protodef\src\utils.js:54:10)
    at typeArgs.forEach (F:\coding\js\mc\node_modules\protodef\src\datatypes\structures.js:44:5)
    at Array.forEach (<anonymous>)
    at ProtoDef.readContainer (F:\coding\js\mc\node_modules\protodef\src\datatypes\structures.js:43:12)
    at ProtoDef.read (F:\coding\js\mc\node_modules\protodef\src\protodef.js:36:25)
    at ProtoDef.read (F:\coding\js\mc\node_modules\protodef\src\protodef.js:110:29)
    at tryCatch (F:\coding\js\mc\node_modules\protodef\src\protodef.js:149:49)
    at tryCatch (F:\coding\js\mc\node_modules\protodef\src\utils.js:50:16)
    at ProtoDef.parsePacketBuffer (F:\coding\js\mc\node_modules\protodef\src\protodef.js:149:29)
    at FullPacketParser.parsePacketBuffer (F:\coding\js\mc\node_modules\protodef\src\serializer.js:67:23)
    at FullPacketParser._transform (F:\coding\js\mc\node_modules\protodef\src\serializer.js:73:21)
    at FullPacketParser.Transform._read (F:\coding\js\mc\node_modules\readable-stream\lib\_stream_transform.js:177:10)
    at FullPacketParser.Transform._write (F:\coding\js\mc\node_modules\readable-stream\lib\_stream_transform.js:164:83)
    at doWrite (F:\coding\js\mc\node_modules\readable-stream\lib\_stream_writable.js:405:139)
    at writeOrBuffer (F:\coding\js\mc\node_modules\readable-stream\lib\_stream_writable.js:394:5)
    at FullPacketParser.Writable.write (F:\coding\js\mc\node_modules\readable-stream\lib\_stream_writable.js:303:11)
    at Splitter.ondata (F:\coding\js\mc\node_modules\readable-stream\lib\_stream_readable.js:662:20)
    at emitOne (events.js:116:13)
June 28th 2019, 07:16:05 [ERR]: Client 127.0.0.1:54121 : Error: Deserialization error for handshaking.toServer : Read error for name : 69 is not in the mappings value
    at ProtoDef.readMapper (F:\coding\js\mc\node_modules\protodef\src\datatypes\utils.js:30:34)
    at ProtoDef.read (F:\coding\js\mc\node_modules\protodef\src\protodef.js:110:29)
    at tryDoc (F:\coding\js\mc\node_modules\protodef\src\datatypes\structures.js:45:32)
    at tryCatch (F:\coding\js\mc\node_modules\protodef\src\utils.js:50:16)
    at tryDoc (F:\coding\js\mc\node_modules\protodef\src\utils.js:54:10)
    at typeArgs.forEach (F:\coding\js\mc\node_modules\protodef\src\datatypes\structures.js:44:5)
    at Array.forEach (<anonymous>)
    at ProtoDef.readContainer (F:\coding\js\mc\node_modules\protodef\src\datatypes\structures.js:43:12)
    at ProtoDef.read (F:\coding\js\mc\node_modules\protodef\src\protodef.js:36:25)
    at ProtoDef.read (F:\coding\js\mc\node_modules\protodef\src\protodef.js:110:29)
    at tryCatch (F:\coding\js\mc\node_modules\protodef\src\protodef.js:149:49)
    at tryCatch (F:\coding\js\mc\node_modules\protodef\src\utils.js:50:16)
    at ProtoDef.parsePacketBuffer (F:\coding\js\mc\node_modules\protodef\src\protodef.js:149:29)
    at FullPacketParser.parsePacketBuffer (F:\coding\js\mc\node_modules\protodef\src\serializer.js:67:23)
    at FullPacketParser._transform (F:\coding\js\mc\node_modules\protodef\src\serializer.js:73:21)
    at FullPacketParser.Transform._read (F:\coding\js\mc\node_modules\readable-stream\lib\_stream_transform.js:177:10)
    at FullPacketParser.Transform._write (F:\coding\js\mc\node_modules\readable-stream\lib\_stream_transform.js:164:83)
    at doWrite (F:\coding\js\mc\node_modules\readable-stream\lib\_stream_writable.js:405:139)
    at writeOrBuffer (F:\coding\js\mc\node_modules\readable-stream\lib\_stream_writable.js:394:5)
    at FullPacketParser.Writable.write (F:\coding\js\mc\node_modules\readable-stream\lib\_stream_writable.js:303:11)
    at Splitter.ondata (F:\coding\js\mc\node_modules\readable-stream\lib\_stream_readable.js:662:20)
    at emitOne (events.js:116:13)
June 28th 2019, 07:16:05 [ERR]: Client 127.0.0.1:54121 : Error: Deserialization error for handshaking.toServer : Read error for name : 55 is not in the mappings value
    at ProtoDef.readMapper (F:\coding\js\mc\node_modules\protodef\src\datatypes\utils.js:30:34)
    at ProtoDef.read (F:\coding\js\mc\node_modules\protodef\src\protodef.js:110:29)
    at tryDoc (F:\coding\js\mc\node_modules\protodef\src\datatypes\structures.js:45:32)
    at tryCatch (F:\coding\js\mc\node_modules\protodef\src\utils.js:50:16)
    at tryDoc (F:\coding\js\mc\node_modules\protodef\src\utils.js:54:10)
    at typeArgs.forEach (F:\coding\js\mc\node_modules\protodef\src\datatypes\structures.js:44:5)
    at Array.forEach (<anonymous>)
    at ProtoDef.readContainer (F:\coding\js\mc\node_modules\protodef\src\datatypes\structures.js:43:12)
    at ProtoDef.read (F:\coding\js\mc\node_modules\protodef\src\protodef.js:36:25)
    at ProtoDef.read (F:\coding\js\mc\node_modules\protodef\src\protodef.js:110:29)
    at tryCatch (F:\coding\js\mc\node_modules\protodef\src\protodef.js:149:49)
    at tryCatch (F:\coding\js\mc\node_modules\protodef\src\utils.js:50:16)
    at ProtoDef.parsePacketBuffer (F:\coding\js\mc\node_modules\protodef\src\protodef.js:149:29)
    at FullPacketParser.parsePacketBuffer (F:\coding\js\mc\node_modules\protodef\src\serializer.js:67:23)
    at FullPacketParser._transform (F:\coding\js\mc\node_modules\protodef\src\serializer.js:73:21)
    at FullPacketParser.Transform._read (F:\coding\js\mc\node_modules\readable-stream\lib\_stream_transform.js:177:10)
    at FullPacketParser.Transform._write (F:\coding\js\mc\node_modules\readable-stream\lib\_stream_transform.js:164:83)
    at doWrite (F:\coding\js\mc\node_modules\readable-stream\lib\_stream_writable.js:405:139)
    at writeOrBuffer (F:\coding\js\mc\node_modules\readable-stream\lib\_stream_writable.js:394:5)
    at FullPacketParser.Writable.write (F:\coding\js\mc\node_modules\readable-stream\lib\_stream_writable.js:303:11)
    at Splitter.ondata (F:\coding\js\mc\node_modules\readable-stream\lib\_stream_readable.js:662:20)
    at emitOne (events.js:116:13)
June 28th 2019, 07:16:05 [ERR]: Client 127.0.0.1:54121 : Error: Deserialization error for handshaking.toServer : Read error for name : 45 is not in the mappings value
    at ProtoDef.readMapper (F:\coding\js\mc\node_modules\protodef\src\datatypes\utils.js:30:34)
    at ProtoDef.read (F:\coding\js\mc\node_modules\protodef\src\protodef.js:110:29)
    at tryDoc (F:\coding\js\mc\node_modules\protodef\src\datatypes\structures.js:45:32)
    at tryCatch (F:\coding\js\mc\node_modules\protodef\src\utils.js:50:16)
    at tryDoc (F:\coding\js\mc\node_modules\protodef\src\utils.js:54:10)
    at typeArgs.forEach (F:\coding\js\mc\node_modules\protodef\src\datatypes\structures.js:44:5)
    at Array.forEach (<anonymous>)
    at ProtoDef.readContainer (F:\coding\js\mc\node_modules\protodef\src\datatypes\structures.js:43:12)
    at ProtoDef.read (F:\coding\js\mc\node_modules\protodef\src\protodef.js:36:25)
    at ProtoDef.read (F:\coding\js\mc\node_modules\protodef\src\protodef.js:110:29)
    at tryCatch (F:\coding\js\mc\node_modules\protodef\src\protodef.js:149:49)
    at tryCatch (F:\coding\js\mc\node_modules\protodef\src\utils.js:50:16)
    at ProtoDef.parsePacketBuffer (F:\coding\js\mc\node_modules\protodef\src\protodef.js:149:29)
    at FullPacketParser.parsePacketBuffer (F:\coding\js\mc\node_modules\protodef\src\serializer.js:67:23)
    at FullPacketParser._transform (F:\coding\js\mc\node_modules\protodef\src\serializer.js:73:21)
    at FullPacketParser.Transform._read (F:\coding\js\mc\node_modules\readable-stream\lib\_stream_transform.js:177:10)
    at FullPacketParser.Transform._write (F:\coding\js\mc\node_modules\readable-stream\lib\_stream_transform.js:164:83)
    at doWrite (F:\coding\js\mc\node_modules\readable-stream\lib\_stream_writable.js:405:139)
    at writeOrBuffer (F:\coding\js\mc\node_modules\readable-stream\lib\_stream_writable.js:394:5)
    at FullPacketParser.Writable.write (F:\coding\js\mc\node_modules\readable-stream\lib\_stream_writable.js:303:11)
    at Splitter.ondata (F:\coding\js\mc\node_modules\readable-stream\lib\_stream_readable.js:662:20)
    at emitOne (events.js:116:13)
June 28th 2019, 07:16:05 [ERR]: Client 127.0.0.1:54121 : Error: Deserialization error for handshaking.toServer : Read error for name : 52 is not in the mappings value
    at ProtoDef.readMapper (F:\coding\js\mc\node_modules\protodef\src\datatypes\utils.js:30:34)
    at ProtoDef.read (F:\coding\js\mc\node_modules\protodef\src\protodef.js:110:29)
    at tryDoc (F:\coding\js\mc\node_modules\protodef\src\datatypes\structures.js:45:32)
    at tryCatch (F:\coding\js\mc\node_modules\protodef\src\utils.js:50:16)
    at tryDoc (F:\coding\js\mc\node_modules\protodef\src\utils.js:54:10)
    at typeArgs.forEach (F:\coding\js\mc\node_modules\protodef\src\datatypes\structures.js:44:5)
    at Array.forEach (<anonymous>)
    at ProtoDef.readContainer (F:\coding\js\mc\node_modules\protodef\src\datatypes\structures.js:43:12)
    at ProtoDef.read (F:\coding\js\mc\node_modules\protodef\src\protodef.js:36:25)
    at ProtoDef.read (F:\coding\js\mc\node_modules\protodef\src\protodef.js:110:29)
    at tryCatch (F:\coding\js\mc\node_modules\protodef\src\protodef.js:149:49)
    at tryCatch (F:\coding\js\mc\node_modules\protodef\src\utils.js:50:16)
    at ProtoDef.parsePacketBuffer (F:\coding\js\mc\node_modules\protodef\src\protodef.js:149:29)
    at FullPacketParser.parsePacketBuffer (F:\coding\js\mc\node_modules\protodef\src\serializer.js:67:23)
    at FullPacketParser._transform (F:\coding\js\mc\node_modules\protodef\src\serializer.js:73:21)
    at FullPacketParser.Transform._read (F:\coding\js\mc\node_modules\readable-stream\lib\_stream_transform.js:177:10)
    at FullPacketParser.Transform._write (F:\coding\js\mc\node_modules\readable-stream\lib\_stream_transform.js:164:83)
    at doWrite (F:\coding\js\mc\node_modules\readable-stream\lib\_stream_writable.js:405:139)
    at writeOrBuffer (F:\coding\js\mc\node_modules\readable-stream\lib\_stream_writable.js:394:5)
    at FullPacketParser.Writable.write (F:\coding\js\mc\node_modules\readable-stream\lib\_stream_writable.js:303:11)
    at Splitter.ondata (F:\coding\js\mc\node_modules\readable-stream\lib\_stream_readable.js:662:20)
    at emitOne (events.js:116:13)
June 28th 2019, 07:16:05 [ERR]: Client 127.0.0.1:54121 : Error: Deserialization error for handshaking.toServer : Read error for name : 47 is not in the mappings value
    at ProtoDef.readMapper (F:\coding\js\mc\node_modules\protodef\src\datatypes\utils.js:30:34)
    at ProtoDef.read (F:\coding\js\mc\node_modules\protodef\src\protodef.js:110:29)
    at tryDoc (F:\coding\js\mc\node_modules\protodef\src\datatypes\structures.js:45:32)
    at tryCatch (F:\coding\js\mc\node_modules\protodef\src\utils.js:50:16)
    at tryDoc (F:\coding\js\mc\node_modules\protodef\src\utils.js:54:10)
    at typeArgs.forEach (F:\coding\js\mc\node_modules\protodef\src\datatypes\structures.js:44:5)
    at Array.forEach (<anonymous>)
    at ProtoDef.readContainer (F:\coding\js\mc\node_modules\protodef\src\datatypes\structures.js:43:12)
    at ProtoDef.read (F:\coding\js\mc\node_modules\protodef\src\protodef.js:36:25)
    at ProtoDef.read (F:\coding\js\mc\node_modules\protodef\src\protodef.js:110:29)
    at tryCatch (F:\coding\js\mc\node_modules\protodef\src\protodef.js:149:49)
    at tryCatch (F:\coding\js\mc\node_modules\protodef\src\utils.js:50:16)
    at ProtoDef.parsePacketBuffer (F:\coding\js\mc\node_modules\protodef\src\protodef.js:149:29)
    at FullPacketParser.parsePacketBuffer (F:\coding\js\mc\node_modules\protodef\src\serializer.js:67:23)
    at FullPacketParser._transform (F:\coding\js\mc\node_modules\protodef\src\serializer.js:73:21)
    at FullPacketParser.Transform._read (F:\coding\js\mc\node_modules\readable-stream\lib\_stream_transform.js:177:10)
    at FullPacketParser.Transform._write (F:\coding\js\mc\node_modules\readable-stream\lib\_stream_transform.js:164:83)
    at doWrite (F:\coding\js\mc\node_modules\readable-stream\lib\_stream_writable.js:405:139)
    at writeOrBuffer (F:\coding\js\mc\node_modules\readable-stream\lib\_stream_writable.js:394:5)
    at FullPacketParser.Writable.write (F:\coding\js\mc\node_modules\readable-stream\lib\_stream_writable.js:303:11)
    at Splitter.ondata (F:\coding\js\mc\node_modules\readable-stream\lib\_stream_readable.js:662:20)
    at emitOne (events.js:116:13)
June 28th 2019, 07:16:06 [ERR]: Client 127.0.0.1:54124 : Error: Deserialization error for handshaking.toServer : Read error for name : 69 is not in the mappings value
    at ProtoDef.readMapper (F:\coding\js\mc\node_modules\protodef\src\datatypes\utils.js:30:34)
    at ProtoDef.read (F:\coding\js\mc\node_modules\protodef\src\protodef.js:110:29)
    at tryDoc (F:\coding\js\mc\node_modules\protodef\src\datatypes\structures.js:45:32)
    at tryCatch (F:\coding\js\mc\node_modules\protodef\src\utils.js:50:16)
    at tryDoc (F:\coding\js\mc\node_modules\protodef\src\utils.js:54:10)
    at typeArgs.forEach (F:\coding\js\mc\node_modules\protodef\src\datatypes\structures.js:44:5)
    at Array.forEach (<anonymous>)
    at ProtoDef.readContainer (F:\coding\js\mc\node_modules\protodef\src\datatypes\structures.js:43:12)
    at ProtoDef.read (F:\coding\js\mc\node_modules\protodef\src\protodef.js:36:25)
    at ProtoDef.read (F:\coding\js\mc\node_modules\protodef\src\protodef.js:110:29)
    at tryCatch (F:\coding\js\mc\node_modules\protodef\src\protodef.js:149:49)
    at tryCatch (F:\coding\js\mc\node_modules\protodef\src\utils.js:50:16)
    at ProtoDef.parsePacketBuffer (F:\coding\js\mc\node_modules\protodef\src\protodef.js:149:29)
    at FullPacketParser.parsePacketBuffer (F:\coding\js\mc\node_modules\protodef\src\serializer.js:67:23)
    at FullPacketParser._transform (F:\coding\js\mc\node_modules\protodef\src\serializer.js:73:21)
    at FullPacketParser.Transform._read (F:\coding\js\mc\node_modules\readable-stream\lib\_stream_transform.js:177:10)
    at FullPacketParser.Transform._write (F:\coding\js\mc\node_modules\readable-stream\lib\_stream_transform.js:164:83)
    at doWrite (F:\coding\js\mc\node_modules\readable-stream\lib\_stream_writable.js:405:139)
    at writeOrBuffer (F:\coding\js\mc\node_modules\readable-stream\lib\_stream_writable.js:394:5)
    at FullPacketParser.Writable.write (F:\coding\js\mc\node_modules\readable-stream\lib\_stream_writable.js:303:11)
    at Splitter.ondata (F:\coding\js\mc\node_modules\readable-stream\lib\_stream_readable.js:662:20)
    at emitOne (events.js:116:13)
June 28th 2019, 07:16:06 [ERR]: Client 127.0.0.1:54124 : Error: Deserialization error for handshaking.toServer : Read error for name : 45 is not in the mappings value
    at ProtoDef.readMapper (F:\coding\js\mc\node_modules\protodef\src\datatypes\utils.js:30:34)
    at ProtoDef.read (F:\coding\js\mc\node_modules\protodef\src\protodef.js:110:29)
    at tryDoc (F:\coding\js\mc\node_modules\protodef\src\datatypes\structures.js:45:32)
    at tryCatch (F:\coding\js\mc\node_modules\protodef\src\utils.js:50:16)
    at tryDoc (F:\coding\js\mc\node_modules\protodef\src\utils.js:54:10)
    at typeArgs.forEach (F:\coding\js\mc\node_modules\protodef\src\datatypes\structures.js:44:5)
    at Array.forEach (<anonymous>)
    at ProtoDef.readContainer (F:\coding\js\mc\node_modules\protodef\src\datatypes\structures.js:43:12)
    at ProtoDef.read (F:\coding\js\mc\node_modules\protodef\src\protodef.js:36:25)
    at ProtoDef.read (F:\coding\js\mc\node_modules\protodef\src\protodef.js:110:29)
    at tryCatch (F:\coding\js\mc\node_modules\protodef\src\protodef.js:149:49)
    at tryCatch (F:\coding\js\mc\node_modules\protodef\src\utils.js:50:16)
    at ProtoDef.parsePacketBuffer (F:\coding\js\mc\node_modules\protodef\src\protodef.js:149:29)
    at FullPacketParser.parsePacketBuffer (F:\coding\js\mc\node_modules\protodef\src\serializer.js:67:23)
    at FullPacketParser._transform (F:\coding\js\mc\node_modules\protodef\src\serializer.js:73:21)
    at FullPacketParser.Transform._read (F:\coding\js\mc\node_modules\readable-stream\lib\_stream_transform.js:177:10)
    at FullPacketParser.Transform._write (F:\coding\js\mc\node_modules\readable-stream\lib\_stream_transform.js:164:83)
    at doWrite (F:\coding\js\mc\node_modules\readable-stream\lib\_stream_writable.js:405:139)
    at writeOrBuffer (F:\coding\js\mc\node_modules\readable-stream\lib\_stream_writable.js:394:5)
    at FullPacketParser.Writable.write (F:\coding\js\mc\node_modules\readable-stream\lib\_stream_writable.js:303:11)
    at Splitter.ondata (F:\coding\js\mc\node_modules\readable-stream\lib\_stream_readable.js:662:20)
    at emitOne (events.js:116:13)
June 28th 2019, 07:16:06 [ERR]: Client 127.0.0.1:54124 : Error: Deserialization error for handshaking.toServer : Read error for name : 52 is not in the mappings value
    at ProtoDef.readMapper (F:\coding\js\mc\node_modules\protodef\src\datatypes\utils.js:30:34)
    at ProtoDef.read (F:\coding\js\mc\node_modules\protodef\src\protodef.js:110:29)
    at tryDoc (F:\coding\js\mc\node_modules\protodef\src\datatypes\structures.js:45:32)
    at tryCatch (F:\coding\js\mc\node_modules\protodef\src\utils.js:50:16)
    at tryDoc (F:\coding\js\mc\node_modules\protodef\src\utils.js:54:10)
    at typeArgs.forEach (F:\coding\js\mc\node_modules\protodef\src\datatypes\structures.js:44:5)
    at Array.forEach (<anonymous>)
    at ProtoDef.readContainer (F:\coding\js\mc\node_modules\protodef\src\datatypes\structures.js:43:12)
    at ProtoDef.read (F:\coding\js\mc\node_modules\protodef\src\protodef.js:36:25)
    at ProtoDef.read (F:\coding\js\mc\node_modules\protodef\src\protodef.js:110:29)
    at tryCatch (F:\coding\js\mc\node_modules\protodef\src\protodef.js:149:49)
    at tryCatch (F:\coding\js\mc\node_modules\protodef\src\utils.js:50:16)
    at ProtoDef.parsePacketBuffer (F:\coding\js\mc\node_modules\protodef\src\protodef.js:149:29)
    at FullPacketParser.parsePacketBuffer (F:\coding\js\mc\node_modules\protodef\src\serializer.js:67:23)
    at FullPacketParser._transform (F:\coding\js\mc\node_modules\protodef\src\serializer.js:73:21)
    at FullPacketParser.Transform._read (F:\coding\js\mc\node_modules\readable-stream\lib\_stream_transform.js:177:10)
    at FullPacketParser.Transform._write (F:\coding\js\mc\node_modules\readable-stream\lib\_stream_transform.js:164:83)
    at doWrite (F:\coding\js\mc\node_modules\readable-stream\lib\_stream_writable.js:405:139)
    at writeOrBuffer (F:\coding\js\mc\node_modules\readable-stream\lib\_stream_writable.js:394:5)
    at FullPacketParser.Writable.write (F:\coding\js\mc\node_modules\readable-stream\lib\_stream_writable.js:303:11)
    at Splitter.ondata (F:\coding\js\mc\node_modules\readable-stream\lib\_stream_readable.js:662:20)
    at emitOne (events.js:116:13)
June 28th 2019, 07:16:06 [ERR]: Client 127.0.0.1:54124 : Error: Deserialization error for handshaking.toServer : Read error for name : 55 is not in the mappings value
    at ProtoDef.readMapper (F:\coding\js\mc\node_modules\protodef\src\datatypes\utils.js:30:34)
    at ProtoDef.read (F:\coding\js\mc\node_modules\protodef\src\protodef.js:110:29)
    at tryDoc (F:\coding\js\mc\node_modules\protodef\src\datatypes\structures.js:45:32)
    at tryCatch (F:\coding\js\mc\node_modules\protodef\src\utils.js:50:16)
    at tryDoc (F:\coding\js\mc\node_modules\protodef\src\utils.js:54:10)
    at typeArgs.forEach (F:\coding\js\mc\node_modules\protodef\src\datatypes\structures.js:44:5)
    at Array.forEach (<anonymous>)
    at ProtoDef.readContainer (F:\coding\js\mc\node_modules\protodef\src\datatypes\structures.js:43:12)
    at ProtoDef.read (F:\coding\js\mc\node_modules\protodef\src\protodef.js:36:25)
    at ProtoDef.read (F:\coding\js\mc\node_modules\protodef\src\protodef.js:110:29)
    at tryCatch (F:\coding\js\mc\node_modules\protodef\src\protodef.js:149:49)
    at tryCatch (F:\coding\js\mc\node_modules\protodef\src\utils.js:50:16)
    at ProtoDef.parsePacketBuffer (F:\coding\js\mc\node_modules\protodef\src\protodef.js:149:29)
    at FullPacketParser.parsePacketBuffer (F:\coding\js\mc\node_modules\protodef\src\serializer.js:67:23)
    at FullPacketParser._transform (F:\coding\js\mc\node_modules\protodef\src\serializer.js:73:21)
    at FullPacketParser.Transform._read (F:\coding\js\mc\node_modules\readable-stream\lib\_stream_transform.js:177:10)
    at FullPacketParser.Transform._write (F:\coding\js\mc\node_modules\readable-stream\lib\_stream_transform.js:164:83)
    at doWrite (F:\coding\js\mc\node_modules\readable-stream\lib\_stream_writable.js:405:139)
    at writeOrBuffer (F:\coding\js\mc\node_modules\readable-stream\lib\_stream_writable.js:394:5)
    at FullPacketParser.Writable.write (F:\coding\js\mc\node_modules\readable-stream\lib\_stream_writable.js:303:11)
    at Splitter.ondata (F:\coding\js\mc\node_modules\readable-stream\lib\_stream_readable.js:662:20)
    at emitOne (events.js:116:13)
June 28th 2019, 07:16:06 [ERR]: Client 127.0.0.1:54124 : Error: Deserialization error for handshaking.toServer : Read error for name : 47 is not in the mappings value
    at ProtoDef.readMapper (F:\coding\js\mc\node_modules\protodef\src\datatypes\utils.js:30:34)
    at ProtoDef.read (F:\coding\js\mc\node_modules\protodef\src\protodef.js:110:29)
    at tryDoc (F:\coding\js\mc\node_modules\protodef\src\datatypes\structures.js:45:32)
    at tryCatch (F:\coding\js\mc\node_modules\protodef\src\utils.js:50:16)
    at tryDoc (F:\coding\js\mc\node_modules\protodef\src\utils.js:54:10)
    at typeArgs.forEach (F:\coding\js\mc\node_modules\protodef\src\datatypes\structures.js:44:5)
    at Array.forEach (<anonymous>)
    at ProtoDef.readContainer (F:\coding\js\mc\node_modules\protodef\src\datatypes\structures.js:43:12)
    at ProtoDef.read (F:\coding\js\mc\node_modules\protodef\src\protodef.js:36:25)
    at ProtoDef.read (F:\coding\js\mc\node_modules\protodef\src\protodef.js:110:29)
    at tryCatch (F:\coding\js\mc\node_modules\protodef\src\protodef.js:149:49)
    at tryCatch (F:\coding\js\mc\node_modules\protodef\src\utils.js:50:16)
    at ProtoDef.parsePacketBuffer (F:\coding\js\mc\node_modules\protodef\src\protodef.js:149:29)
    at FullPacketParser.parsePacketBuffer (F:\coding\js\mc\node_modules\protodef\src\serializer.js:67:23)
    at FullPacketParser._transform (F:\coding\js\mc\node_modules\protodef\src\serializer.js:73:21)
    at FullPacketParser.Transform._read (F:\coding\js\mc\node_modules\readable-stream\lib\_stream_transform.js:177:10)
    at FullPacketParser.Transform._write (F:\coding\js\mc\node_modules\readable-stream\lib\_stream_transform.js:164:83)
    at doWrite (F:\coding\js\mc\node_modules\readable-stream\lib\_stream_writable.js:405:139)
    at writeOrBuffer (F:\coding\js\mc\node_modules\readable-stream\lib\_stream_writable.js:394:5)
    at FullPacketParser.Writable.write (F:\coding\js\mc\node_modules\readable-stream\lib\_stream_writable.js:303:11)
    at Splitter.ondata (F:\coding\js\mc\node_modules\readable-stream\lib\_stream_readable.js:662:20)
    at emitOne (events.js:116:13)
June 28th 2019, 07:16:11 [ERR]: Client 127.0.0.1:54134 : Error: Deserialization error for handshaking.toServer : Read error for name : 69 is not in the mappings value
    at ProtoDef.readMapper (F:\coding\js\mc\node_modules\protodef\src\datatypes\utils.js:30:34)
    at ProtoDef.read (F:\coding\js\mc\node_modules\protodef\src\protodef.js:110:29)
    at tryDoc (F:\coding\js\mc\node_modules\protodef\src\datatypes\structures.js:45:32)
    at tryCatch (F:\coding\js\mc\node_modules\protodef\src\utils.js:50:16)
    at tryDoc (F:\coding\js\mc\node_modules\protodef\src\utils.js:54:10)
    at typeArgs.forEach (F:\coding\js\mc\node_modules\protodef\src\datatypes\structures.js:44:5)
    at Array.forEach (<anonymous>)
    at ProtoDef.readContainer (F:\coding\js\mc\node_modules\protodef\src\datatypes\structures.js:43:12)
    at ProtoDef.read (F:\coding\js\mc\node_modules\protodef\src\protodef.js:36:25)
    at ProtoDef.read (F:\coding\js\mc\node_modules\protodef\src\protodef.js:110:29)
    at tryCatch (F:\coding\js\mc\node_modules\protodef\src\protodef.js:149:49)
    at tryCatch (F:\coding\js\mc\node_modules\protodef\src\utils.js:50:16)
    at ProtoDef.parsePacketBuffer (F:\coding\js\mc\node_modules\protodef\src\protodef.js:149:29)
    at FullPacketParser.parsePacketBuffer (F:\coding\js\mc\node_modules\protodef\src\serializer.js:67:23)
    at FullPacketParser._transform (F:\coding\js\mc\node_modules\protodef\src\serializer.js:73:21)
    at FullPacketParser.Transform._read (F:\coding\js\mc\node_modules\readable-stream\lib\_stream_transform.js:177:10)
    at FullPacketParser.Transform._write (F:\coding\js\mc\node_modules\readable-stream\lib\_stream_transform.js:164:83)
    at doWrite (F:\coding\js\mc\node_modules\readable-stream\lib\_stream_writable.js:405:139)
    at writeOrBuffer (F:\coding\js\mc\node_modules\readable-stream\lib\_stream_writable.js:394:5)
    at FullPacketParser.Writable.write (F:\coding\js\mc\node_modules\readable-stream\lib\_stream_writable.js:303:11)
    at Splitter.ondata (F:\coding\js\mc\node_modules\readable-stream\lib\_stream_readable.js:662:20)
    at emitOne (events.js:116:13)
June 28th 2019, 07:16:11 [ERR]: Client 127.0.0.1:54134 : Error: Deserialization error for handshaking.toServer : Read error for name : 45 is not in the mappings value
    at ProtoDef.readMapper (F:\coding\js\mc\node_modules\protodef\src\datatypes\utils.js:30:34)
    at ProtoDef.read (F:\coding\js\mc\node_modules\protodef\src\protodef.js:110:29)
    at tryDoc (F:\coding\js\mc\node_modules\protodef\src\datatypes\structures.js:45:32)
    at tryCatch (F:\coding\js\mc\node_modules\protodef\src\utils.js:50:16)
    at tryDoc (F:\coding\js\mc\node_modules\protodef\src\utils.js:54:10)
    at typeArgs.forEach (F:\coding\js\mc\node_modules\protodef\src\datatypes\structures.js:44:5)
    at Array.forEach (<anonymous>)
    at ProtoDef.readContainer (F:\coding\js\mc\node_modules\protodef\src\datatypes\structures.js:43:12)
    at ProtoDef.read (F:\coding\js\mc\node_modules\protodef\src\protodef.js:36:25)
    at ProtoDef.read (F:\coding\js\mc\node_modules\protodef\src\protodef.js:110:29)
    at tryCatch (F:\coding\js\mc\node_modules\protodef\src\protodef.js:149:49)
    at tryCatch (F:\coding\js\mc\node_modules\protodef\src\utils.js:50:16)
    at ProtoDef.parsePacketBuffer (F:\coding\js\mc\node_modules\protodef\src\protodef.js:149:29)
    at FullPacketParser.parsePacketBuffer (F:\coding\js\mc\node_modules\protodef\src\serializer.js:67:23)
    at FullPacketParser._transform (F:\coding\js\mc\node_modules\protodef\src\serializer.js:73:21)
    at FullPacketParser.Transform._read (F:\coding\js\mc\node_modules\readable-stream\lib\_stream_transform.js:177:10)
    at FullPacketParser.Transform._write (F:\coding\js\mc\node_modules\readable-stream\lib\_stream_transform.js:164:83)
    at doWrite (F:\coding\js\mc\node_modules\readable-stream\lib\_stream_writable.js:405:139)
    at writeOrBuffer (F:\coding\js\mc\node_modules\readable-stream\lib\_stream_writable.js:394:5)
    at FullPacketParser.Writable.write (F:\coding\js\mc\node_modules\readable-stream\lib\_stream_writable.js:303:11)
    at Splitter.ondata (F:\coding\js\mc\node_modules\readable-stream\lib\_stream_readable.js:662:20)
    at emitOne (events.js:116:13)
June 28th 2019, 07:16:11 [ERR]: Client 127.0.0.1:54134 : Error: Deserialization error for handshaking.toServer : Read error for name : 47 is not in the mappings value
    at ProtoDef.readMapper (F:\coding\js\mc\node_modules\protodef\src\datatypes\utils.js:30:34)
    at ProtoDef.read (F:\coding\js\mc\node_modules\protodef\src\protodef.js:110:29)
    at tryDoc (F:\coding\js\mc\node_modules\protodef\src\datatypes\structures.js:45:32)
    at tryCatch (F:\coding\js\mc\node_modules\protodef\src\utils.js:50:16)
    at tryDoc (F:\coding\js\mc\node_modules\protodef\src\utils.js:54:10)
    at typeArgs.forEach (F:\coding\js\mc\node_modules\protodef\src\datatypes\structures.js:44:5)
    at Array.forEach (<anonymous>)
    at ProtoDef.readContainer (F:\coding\js\mc\node_modules\protodef\src\datatypes\structures.js:43:12)
    at ProtoDef.read (F:\coding\js\mc\node_modules\protodef\src\protodef.js:36:25)
    at ProtoDef.read (F:\coding\js\mc\node_modules\protodef\src\protodef.js:110:29)
    at tryCatch (F:\coding\js\mc\node_modules\protodef\src\protodef.js:149:49)
    at tryCatch (F:\coding\js\mc\node_modules\protodef\src\utils.js:50:16)
    at ProtoDef.parsePacketBuffer (F:\coding\js\mc\node_modules\protodef\src\protodef.js:149:29)
    at FullPacketParser.parsePacketBuffer (F:\coding\js\mc\node_modules\protodef\src\serializer.js:67:23)
    at FullPacketParser._transform (F:\coding\js\mc\node_modules\protodef\src\serializer.js:73:21)
    at FullPacketParser.Transform._read (F:\coding\js\mc\node_modules\readable-stream\lib\_stream_transform.js:177:10)
    at FullPacketParser.Transform._write (F:\coding\js\mc\node_modules\readable-stream\lib\_stream_transform.js:164:83)
    at doWrite (F:\coding\js\mc\node_modules\readable-stream\lib\_stream_writable.js:405:139)
    at writeOrBuffer (F:\coding\js\mc\node_modules\readable-stream\lib\_stream_writable.js:394:5)
    at FullPacketParser.Writable.write (F:\coding\js\mc\node_modules\readable-stream\lib\_stream_writable.js:303:11)
    at Splitter.ondata (F:\coding\js\mc\node_modules\readable-stream\lib\_stream_readable.js:662:20)
    at emitOne (events.js:116:13)
June 28th 2019, 07:16:11 [ERR]: Client 127.0.0.1:54134 : Error: Deserialization error for handshaking.toServer : Read error for name : 55 is not in the mappings value
    at ProtoDef.readMapper (F:\coding\js\mc\node_modules\protodef\src\datatypes\utils.js:30:34)
    at ProtoDef.read (F:\coding\js\mc\node_modules\protodef\src\protodef.js:110:29)
    at tryDoc (F:\coding\js\mc\node_modules\protodef\src\datatypes\structures.js:45:32)
    at tryCatch (F:\coding\js\mc\node_modules\protodef\src\utils.js:50:16)
    at tryDoc (F:\coding\js\mc\node_modules\protodef\src\utils.js:54:10)
    at typeArgs.forEach (F:\coding\js\mc\node_modules\protodef\src\datatypes\structures.js:44:5)
    at Array.forEach (<anonymous>)
    at ProtoDef.readContainer (F:\coding\js\mc\node_modules\protodef\src\datatypes\structures.js:43:12)
    at ProtoDef.read (F:\coding\js\mc\node_modules\protodef\src\protodef.js:36:25)
    at ProtoDef.read (F:\coding\js\mc\node_modules\protodef\src\protodef.js:110:29)
    at tryCatch (F:\coding\js\mc\node_modules\protodef\src\protodef.js:149:49)
    at tryCatch (F:\coding\js\mc\node_modules\protodef\src\utils.js:50:16)
    at ProtoDef.parsePacketBuffer (F:\coding\js\mc\node_modules\protodef\src\protodef.js:149:29)
    at FullPacketParser.parsePacketBuffer (F:\coding\js\mc\node_modules\protodef\src\serializer.js:67:23)
    at FullPacketParser._transform (F:\coding\js\mc\node_modules\protodef\src\serializer.js:73:21)
    at FullPacketParser.Transform._read (F:\coding\js\mc\node_modules\readable-stream\lib\_stream_transform.js:177:10)
    at FullPacketParser.Transform._write (F:\coding\js\mc\node_modules\readable-stream\lib\_stream_transform.js:164:83)
    at doWrite (F:\coding\js\mc\node_modules\readable-stream\lib\_stream_writable.js:405:139)
    at writeOrBuffer (F:\coding\js\mc\node_modules\readable-stream\lib\_stream_writable.js:394:5)
    at FullPacketParser.Writable.write (F:\coding\js\mc\node_modules\readable-stream\lib\_stream_writable.js:303:11)
    at Splitter.ondata (F:\coding\js\mc\node_modules\readable-stream\lib\_stream_readable.js:662:20)
    at emitOne (events.js:116:13)
June 28th 2019, 07:16:11 [ERR]: Client 127.0.0.1:54134 : Error: Deserialization error for handshaking.toServer : Read error for name : 52 is not in the mappings value
    at ProtoDef.readMapper (F:\coding\js\mc\node_modules\protodef\src\datatypes\utils.js:30:34)
    at ProtoDef.read (F:\coding\js\mc\node_modules\protodef\src\protodef.js:110:29)
    at tryDoc (F:\coding\js\mc\node_modules\protodef\src\datatypes\structures.js:45:32)
    at tryCatch (F:\coding\js\mc\node_modules\protodef\src\utils.js:50:16)
    at tryDoc (F:\coding\js\mc\node_modules\protodef\src\utils.js:54:10)
    at typeArgs.forEach (F:\coding\js\mc\node_modules\protodef\src\datatypes\structures.js:44:5)
    at Array.forEach (<anonymous>)
    at ProtoDef.readContainer (F:\coding\js\mc\node_modules\protodef\src\datatypes\structures.js:43:12)
    at ProtoDef.read (F:\coding\js\mc\node_modules\protodef\src\protodef.js:36:25)
    at ProtoDef.read (F:\coding\js\mc\node_modules\protodef\src\protodef.js:110:29)
    at tryCatch (F:\coding\js\mc\node_modules\protodef\src\protodef.js:149:49)
    at tryCatch (F:\coding\js\mc\node_modules\protodef\src\utils.js:50:16)
    at ProtoDef.parsePacketBuffer (F:\coding\js\mc\node_modules\protodef\src\protodef.js:149:29)
    at FullPacketParser.parsePacketBuffer (F:\coding\js\mc\node_modules\protodef\src\serializer.js:67:23)
    at FullPacketParser._transform (F:\coding\js\mc\node_modules\protodef\src\serializer.js:73:21)
    at FullPacketParser.Transform._read (F:\coding\js\mc\node_modules\readable-stream\lib\_stream_transform.js:177:10)
    at FullPacketParser.Transform._write (F:\coding\js\mc\node_modules\readable-stream\lib\_stream_transform.js:164:83)
    at doWrite (F:\coding\js\mc\node_modules\readable-stream\lib\_stream_writable.js:405:139)
    at writeOrBuffer (F:\coding\js\mc\node_modules\readable-stream\lib\_stream_writable.js:394:5)
    at FullPacketParser.Writable.write (F:\coding\js\mc\node_modules\readable-stream\lib\_stream_writable.js:303:11)
    at Splitter.ondata (F:\coding\js\mc\node_modules\readable-stream\lib\_stream_readable.js:662:20)
    at emitOne (events.js:116:13)
June 28th 2019, 07:18:18 [INFO]: position written, player spawning...
June 28th 2019, 07:18:18 [INFO]: devlogs (127.0.0.1) connected
June 28th 2019, 07:18:21 [INFO] <devlogs> asd
June 28th 2019, 07:18:37 [INFO] <devlogs> !ping
June 28th 2019, 07:18:37 [INFO] <IX> Pong.
June 28th 2019, 07:18:39 [INFO] <devlogs> !help
June 28th 2019, 07:18:42 [INFO] <devlogs> !ping
June 28th 2019, 07:18:42 [INFO] <IX> Pong.
June 28th 2019, 07:18:42 [INFO] <devlogs> !ping
June 28th 2019, 07:18:42 [INFO] <IX> Pong.
June 28th 2019, 07:18:42 [INFO] <devlogs> !ping
June 28th 2019, 07:18:43 [INFO] <IX> Pong.
June 28th 2019, 07:18:43 [INFO] <devlogs> !ping
June 28th 2019, 07:18:43 [INFO] <IX> Pong.
June 28th 2019, 07:18:43 [INFO] <devlogs> !ping
June 28th 2019, 07:18:43 [INFO] <IX> Pong.
June 28th 2019, 07:18:43 [INFO] <devlogs> !ping
June 28th 2019, 07:18:43 [INFO] <IX> Pong.
June 28th 2019, 07:21:22 [INFO] <devlogs> !ping
June 28th 2019, 07:21:22 [INFO] <IX> Pong.
June 28th 2019, 07:22:13 [INFO] <devlogs> &t&e&s&ta
June 28th 2019, 07:22:18 [INFO] <devlogs> &t&e&s&t&rClap
June 28th 2019, 07:22:20 [INFO] <devlogs> &t&e&s&t&rClap
June 28th 2019, 07:24:17 [INFO] <devlogs> !pois
June 28th 2019, 07:24:18 [INFO] <devlogs> !pos
June 28th 2019, 07:25:12 [INFO]: IX disconnected
June 28th 2019, 07:25:14 [INFO]: IX (127.0.0.1) connected
June 28th 2019, 07:25:14 [INFO]: position written, player spawning...
June 28th 2019, 07:27:14 [INFO] <devlogs> !pos
June 28th 2019, 07:27:14 [INFO]: IX disconnected
June 28th 2019, 07:28:32 [INFO]: IX (127.0.0.1) connected
June 28th 2019, 07:28:32 [INFO]: position written, player spawning...
June 28th 2019, 07:28:34 [INFO] <devlogs> !pos
June 28th 2019, 07:28:38 [INFO] <devlogs> !pos
June 28th 2019, 07:28:38 [INFO] <devlogs> asd
June 28th 2019, 07:28:41 [INFO]: IX disconnected
June 28th 2019, 07:28:42 [INFO] <devlogs> !ping
June 28th 2019, 07:31:48 [INFO]: IX (127.0.0.1) connected
June 28th 2019, 07:31:48 [INFO]: position written, player spawning...
June 28th 2019, 07:31:51 [ERR]: Server: AssertionError [ERR_ASSERTION]: unimplemented
    at InventoryWindow.Window.acceptOutsideWindowClick (F:\coding\js\mc\node_modules\prismarine-windows\lib\windows.js:103:10)
    at InventoryWindow.Window.acceptClick (F:\coding\js\mc\node_modules\prismarine-windows\lib\windows.js:94:10)
    at Client.<anonymous> (F:\coding\js\mc\node_modules\flying-squid\src\lib\plugins\inventory.js:140:24)
    at emitTwo (events.js:126:13)
    at Client.emit (events.js:214:7)
    at FullPacketParser.deserializer.on (F:\coding\js\mc\node_modules\minecraft-protocol\src\client.js:82:12)
    at emitOne (events.js:116:13)
    at FullPacketParser.emit (events.js:211:7)
    at addChunk (F:\coding\js\mc\node_modules\readable-stream\lib\_stream_readable.js:297:12)
    at readableAddChunk (F:\coding\js\mc\node_modules\readable-stream\lib\_stream_readable.js:279:11)
    at FullPacketParser.Readable.push (F:\coding\js\mc\node_modules\readable-stream\lib\_stream_readable.js:240:10)
    at FullPacketParser.Transform.push (F:\coding\js\mc\node_modules\readable-stream\lib\_stream_transform.js:139:32)
    at FullPacketParser._transform (F:\coding\js\mc\node_modules\protodef\src\serializer.js:81:10)
    at FullPacketParser.Transform._read (F:\coding\js\mc\node_modules\readable-stream\lib\_stream_transform.js:177:10)
    at FullPacketParser.Transform._write (F:\coding\js\mc\node_modules\readable-stream\lib\_stream_transform.js:164:83)
    at doWrite (F:\coding\js\mc\node_modules\readable-stream\lib\_stream_writable.js:405:139)
    at writeOrBuffer (F:\coding\js\mc\node_modules\readable-stream\lib\_stream_writable.js:394:5)
    at FullPacketParser.Writable.write (F:\coding\js\mc\node_modules\readable-stream\lib\_stream_writable.js:303:11)
    at Decompressor.ondata (F:\coding\js\mc\node_modules\readable-stream\lib\_stream_readable.js:662:20)
    at emitOne (events.js:116:13)
    at Decompressor.emit (events.js:211:7)
    at addChunk (F:\coding\js\mc\node_modules\readable-stream\lib\_stream_readable.js:297:12)
June 28th 2019, 07:31:53 [INFO] <devlogs> !ping
June 28th 2019, 07:31:54 [INFO] <devlogs> !ping
June 28th 2019, 07:31:54 [INFO] <devlogs> !ping
June 28th 2019, 07:31:54 [INFO] <devlogs> !ping
June 28th 2019, 07:31:55 [INFO] <devlogs> !ping
June 28th 2019, 07:31:56 [INFO] <devlogs> !ping
June 28th 2019, 07:31:56 [INFO] <devlogs> !ping
June 28th 2019, 07:31:57 [INFO] <devlogs> !ping
June 28th 2019, 07:31:57 [INFO] <devlogs> !ping
June 28th 2019, 07:31:57 [INFO] <devlogs> !ping
June 28th 2019, 07:31:57 [INFO] <devlogs> !ping
June 28th 2019, 07:31:58 [INFO] <devlogs> !ping
June 28th 2019, 07:31:58 [INFO] <devlogs> !ping
June 28th 2019, 07:31:58 [INFO] <devlogs> !ping
June 28th 2019, 07:31:58 [INFO] <devlogs> !ping
June 28th 2019, 07:31:59 [INFO] <devlogs> !ping
June 28th 2019, 07:31:59 [INFO] <devlogs> !ping
June 28th 2019, 07:31:59 [INFO] <devlogs> !ping
June 28th 2019, 07:31:59 [INFO] <devlogs> !ping
June 28th 2019, 07:32:00 [INFO]: IX disconnected
June 28th 2019, 07:32:00 [INFO] <devlogs> !ping
June 28th 2019, 07:32:00 [INFO] <devlogs> !ping
June 28th 2019, 07:32:00 [INFO] <devlogs> !ping
June 28th 2019, 07:32:06 [INFO]: IX (127.0.0.1) connected
June 28th 2019, 07:32:06 [INFO]: position written, player spawning...
June 28th 2019, 07:32:06 [INFO] <devlogs> !ping
June 28th 2019, 07:32:07 [INFO] <IX> Pong.
June 28th 2019, 07:32:12 [INFO] <devlogs> !debug
June 28th 2019, 07:32:18 [INFO] <devlogs> !pos
June 28th 2019, 07:32:18 [INFO]: IX disconnected
June 28th 2019, 07:32:24 [INFO]: IX (127.0.0.1) connected
June 28th 2019, 07:32:24 [INFO]: position written, player spawning...
June 28th 2019, 07:32:27 [ERR]: Server: AssertionError [ERR_ASSERTION]: unimplemented
    at InventoryWindow.Window.acceptOutsideWindowClick (F:\coding\js\mc\node_modules\prismarine-windows\lib\windows.js:103:10)
    at InventoryWindow.Window.acceptClick (F:\coding\js\mc\node_modules\prismarine-windows\lib\windows.js:94:10)
    at Client.<anonymous> (F:\coding\js\mc\node_modules\flying-squid\src\lib\plugins\inventory.js:140:24)
    at emitTwo (events.js:126:13)
    at Client.emit (events.js:214:7)
    at FullPacketParser.deserializer.on (F:\coding\js\mc\node_modules\minecraft-protocol\src\client.js:82:12)
    at emitOne (events.js:116:13)
    at FullPacketParser.emit (events.js:211:7)
    at addChunk (F:\coding\js\mc\node_modules\readable-stream\lib\_stream_readable.js:297:12)
    at readableAddChunk (F:\coding\js\mc\node_modules\readable-stream\lib\_stream_readable.js:279:11)
    at FullPacketParser.Readable.push (F:\coding\js\mc\node_modules\readable-stream\lib\_stream_readable.js:240:10)
    at FullPacketParser.Transform.push (F:\coding\js\mc\node_modules\readable-stream\lib\_stream_transform.js:139:32)
    at FullPacketParser._transform (F:\coding\js\mc\node_modules\protodef\src\serializer.js:81:10)
    at FullPacketParser.Transform._read (F:\coding\js\mc\node_modules\readable-stream\lib\_stream_transform.js:177:10)
    at FullPacketParser.Transform._write (F:\coding\js\mc\node_modules\readable-stream\lib\_stream_transform.js:164:83)
    at doWrite (F:\coding\js\mc\node_modules\readable-stream\lib\_stream_writable.js:405:139)
    at writeOrBuffer (F:\coding\js\mc\node_modules\readable-stream\lib\_stream_writable.js:394:5)
    at FullPacketParser.Writable.write (F:\coding\js\mc\node_modules\readable-stream\lib\_stream_writable.js:303:11)
    at Decompressor.ondata (F:\coding\js\mc\node_modules\readable-stream\lib\_stream_readable.js:662:20)
    at emitOne (events.js:116:13)
    at Decompressor.emit (events.js:211:7)
    at addChunk (F:\coding\js\mc\node_modules\readable-stream\lib\_stream_readable.js:297:12)
June 28th 2019, 07:32:28 [INFO] <devlogs> !pos
June 28th 2019, 07:32:36 [INFO]: IX disconnected
