[INFO]: Started logging...
June 28th 2019, 06:49:42 seed: 997345894
June 28th 2019, 06:49:59 [INFO]: devlogs (127.0.0.1) connected
June 28th 2019, 06:49:59 [INFO]: position written, player spawning...
June 28th 2019, 06:50:04 [INFO]: IX (127.0.0.1) connected
June 28th 2019, 06:50:04 [INFO]: position written, player spawning...
June 28th 2019, 06:50:05 [INFO] <devlogs> !ping
June 28th 2019, 06:50:09 [INFO] <devlogs> !debug
June 28th 2019, 06:50:12 [INFO] <devlogs> asd
June 28th 2019, 06:50:13 [INFO] <devlogs> aasd
June 28th 2019, 06:50:14 [INFO] <devlogs> asd
June 28th 2019, 06:50:33 [INFO] <devlogs> !ping
June 28th 2019, 06:50:34 [INFO]: IX disconnected
June 28th 2019, 06:50:37 [INFO]: IX (127.0.0.1) connected
June 28th 2019, 06:50:37 [INFO]: position written, player spawning...
June 28th 2019, 06:50:38 [INFO] <devlogs> asd
June 28th 2019, 06:50:45 [INFO] <devlogs> asd
June 28th 2019, 06:50:46 [INFO] <devlogs> dfdd
June 28th 2019, 06:50:51 [INFO] <devlogs> sd;lasdl;ksdlpk
June 28th 2019, 06:50:59 [INFO] <devlogs> asd
June 28th 2019, 06:51:06 [INFO]: devlogs disconnected
June 28th 2019, 06:51:09 [INFO]: devlogs (127.0.0.1) connected
June 28th 2019, 06:51:09 [INFO]: position written, player spawning...
June 28th 2019, 06:51:11 [INFO] <devlogs> asd
June 28th 2019, 06:51:13 [INFO] <devlogs> ds
