[INFO]: Started logging...
June 28th 2019, 01:23:38 seed: 997345894
June 28th 2019, 01:24:08 [INFO]: devlogs (127.0.0.1) connected
June 28th 2019, 01:24:08 [INFO]: position written, player spawning...
June 28th 2019, 01:24:43 [INFO]: devlogs disconnected
June 28th 2019, 01:25:12 [INFO]: devlogs (127.0.0.1) connected
June 28th 2019, 01:25:12 [INFO]: position written, player spawning...
June 28th 2019, 01:28:35 [INFO] <devlogs> asd
June 28th 2019, 01:28:35 [INFO] <devlogs> asd
June 28th 2019, 01:28:36 [INFO] <devlogs> asd
June 28th 2019, 01:28:36 [INFO] <devlogs> asd
June 28th 2019, 01:28:36 [INFO] <devlogs> asd
June 28th 2019, 01:28:36 [INFO] <devlogs> asd
June 28th 2019, 01:28:37 [INFO] <devlogs> asd
June 28th 2019, 01:28:37 [INFO] <devlogs> asd
June 28th 2019, 01:28:37 [INFO] <devlogs> asd
June 28th 2019, 01:28:38 [INFO] <devlogs> asd
June 28th 2019, 01:28:38 [INFO] <devlogs> asd
June 28th 2019, 01:28:38 [INFO] <devlogs> asd
June 28th 2019, 01:28:38 [INFO] <devlogs> asd
June 28th 2019, 01:28:39 [INFO] <devlogs> asd
June 28th 2019, 01:28:39 [INFO] <devlogs> asd
June 28th 2019, 01:28:39 [INFO] <devlogs> asd
June 28th 2019, 01:28:39 [INFO] <devlogs> asd
June 28th 2019, 01:28:40 [INFO] <devlogs> asd
June 28th 2019, 01:28:40 [INFO] <devlogs> asd
June 28th 2019, 01:28:40 [INFO] <devlogs> asd
June 28th 2019, 01:28:40 [INFO] <devlogs> asd
June 28th 2019, 01:28:40 [INFO] <devlogs> asd
June 28th 2019, 01:28:41 [INFO] <devlogs> asd
June 28th 2019, 01:28:41 [INFO] <devlogs> asd
June 28th 2019, 01:28:41 [INFO] <devlogs> asd
June 28th 2019, 01:28:41 [INFO] <devlogs> asd
June 28th 2019, 01:28:42 [INFO] <devlogs> asd
June 28th 2019, 01:28:42 [INFO] <devlogs> asd
June 28th 2019, 01:28:42 [INFO] <devlogs> asd
June 28th 2019, 01:28:42 [INFO] <devlogs> asd
June 28th 2019, 01:28:42 [INFO] <devlogs> asd
June 28th 2019, 01:28:43 [INFO] <devlogs> asd
June 28th 2019, 01:28:43 [INFO] <devlogs> asd
June 28th 2019, 01:28:43 [INFO] <devlogs> asd
June 28th 2019, 01:28:43 [INFO] <devlogs> asd
June 28th 2019, 01:33:11 [INFO]: devlogs disconnected
